{"meta": {"format": 3, "version": "7.13.3", "timestamp": "2026-02-27T17:54:21.875202", "branch_coverage": true, "show_contexts": false}, "files": {"src/opencoulomb/__init__.py": {"executed_lines": [3, 5, 18], "summary": {"covered_lines": 3, "num_statements": 3, "percent_covered": 100.0, "percent_covered_display": "100", "missing_lines": 0, "excluded_lines": 0, "percent_statements_covered": 100.0, "percent_statements_covered_display": "100", "num_branches": 0, "num_partial_branches": 0, "covered_branches": 0, "missing_branches": 0, "percent_branches_covered": 100.0, "percent_branches_covered_display": "100"}, "missing_lines": [], "excluded_lines": [], "executed_branches": [], "missing_branches": [], "functions": {"": {"executed_lines": [3, 5, 18], "summary": {"covered_lines": 3, "num_statements": 3, "percent_covered": 100.0, "percent_covered_display": "100", "missing_lines": 0, "excluded_lines": 0, "percent_statements_covered": 100.0, "percent_statements_covered_display": "100", "num_branches": 0, "num_partial_branches": 0, "covered_branches": 0, "missing_branches": 0, "percent_branches_covered": 100.0, "percent_branches_covered_display": "100"}, "missing_lines": [], "excluded_lines": [], "start_line": 1, "executed_branches": [], "missing_branches": []}}, "classes": {"": {"executed_lines": [3, 5, 18], "summary": {"covered_lines": 3, "num_statements": 3, "percent_covered": 100.0, "percent_covered_display": "100", "missing_lines": 0, "excluded_lines": 0, "percent_statements_covered": 100.0, "percent_statements_covered_display": "100", "num_branches": 0, "num_partial_branches": 0, "covered_branches": 0, "missing_branches": 0, "percent_branches_covered": 100.0, "percent_branches_covered_display": "100"}, "missing_lines": [], "excluded_lines": [], "start_line": 1, "executed_branches": [], "missing_branches": []}}}, "src/opencoulomb/__main__.py": {"executed_lines": [], "summary": {"covered_lines": 0, "num_statements": 1, "percent_covered": 0.0, "percent_covered_display": "0", "missing_lines": 1, "excluded_lines": 2, "percent_statements_covered": 0.0, "percent_statements_covered_display": "0", "num_branches": 0, "num_partial_branches": 0, "covered_branches": 0, "missing_branches": 0, "percent_branches_covered": 100.0, "percent_branches_covered_display": "100"}, "missing_lines": [2], "excluded_lines": [4, 5], "executed_branches": [], "missing_branches": [], "functions": {"": {"executed_lines": [], "summary": {"covered_lines": 0, "num_statements": 1, "percent_covered": 0.0, "percent_covered_display": "0", "missing_lines": 1, "excluded_lines": 2, "percent_statements_covered": 0.0, "percent_statements_covered_display": "0", "num_branches": 0, "num_partial_branches": 0, "covered_branches": 0, "missing_branches": 0, "percent_branches_covered": 100.0, "percent_branches_covered_display": "100"}, "missing_lines": [2], "excluded_lines": [4, 5], "start_line": 1, "executed_branches": [], "missing_branches": []}}, "classes": {"": {"executed_lines": [], "summary": {"covered_lines": 0, "num_statements": 1, "percent_covered": 0.0, "percent_covered_display": "0", "missing_lines": 1, "excluded_lines": 2, "percent_statements_covered": 0.0, "percent_statements_covered_display": "0", "num_branches": 0, "num_partial_branches": 0, "covered_branches": 0, "missing_branches": 0, "percent_branches_covered": 100.0, "percent_branches_covered_display": "100"}, "missing_lines": [2], "excluded_lines": [4, 5], "start_line": 1, "executed_branches": [], "missing_branches": []}}}, "src/opencoulomb/_constants.py": {"executed_lines": [3, 6, 7, 8, 9, 12, 13, 14, 15, 16, 17, 20, 23, 24, 27, 28, 29, 33, 36, 37], "summary": {"covered_lines": 20, "num_statements": 20, "percent_covered": 100.0, "percent_covered_display": "100", "missing_lines": 0, "excluded_lines": 0, "percent_statements_covered": 100.0, "percent_statements_covered_display": "100", "num_branches": 0, "num_partial_branches": 0, "covered_branches": 0, "missing_branches": 0, "percent_branches_covered": 100.0, "percent_branches_covered_display": "100"}, "missing_lines": [], "excluded_lines": [], "executed_branches": [], "missing_branches": [], "functions": {"": {"executed_lines": [3, 6, 7, 8, 9, 12, 13, 14, 15, 16, 17, 20, 23, 24, 27, 28, 29, 33, 36, 37], "summary": {"covered_lines": 20, "num_statements": 20, "percent_covered": 100.0, "percent_covered_display": "100", "missing_lines": 0, "excluded_lines": 0, "percent_statements_covered": 100.0, "percent_statements_covered_display": "100", "num_branches": 0, "num_partial_branches": 0, "covered_branches": 0, "missing_branches": 0, "percent_branches_covered": 100.0, "percent_branches_covered_display": "100"}, "missing_lines": [], "excluded_lines": [], "start_line": 1, "executed_branches": [], "missing_branches": []}}, "classes": {"": {"executed_lines": [3, 6, 7, 8, 9, 12, 13, 14, 15, 16, 17, 20, 23, 24, 27, 28, 29, 33, 36, 37], "summary": {"covered_lines": 20, "num_statements": 20, "percent_covered": 100.0, "percent_covered_display": "100", "missing_lines": 0, "excluded_lines": 0, "percent_statements_covered": 100.0, "percent_statements_covered_display": "100", "num_branches": 0, "num_partial_branches": 0, "covered_branches": 0, "missing_branches": 0, "percent_branches_covered": 100.0, "percent_branches_covered_display": "100"}, "missing_lines": [], "excluded_lines": [], "start_line": 1, "executed_branches": [], "missing_branches": []}}}, "src/opencoulomb/cli/__init__.py": {"executed_lines": [2, 4, 6], "summary": {"covered_lines": 3, "num_statements": 3, "percent_covered": 100.0, "percent_covered_display": "100", "missing_lines": 0, "excluded_lines": 0, "percent_statements_covered": 100.0, "percent_statements_covered_display": "100", "num_branches": 0, "num_partial_branches": 0, "covered_branches": 0, "missing_branches": 0, "percent_branches_covered": 100.0, "percent_branches_covered_display": "100"}, "missing_lines": [], "excluded_lines": [], "executed_branches": [], "missing_branches": [], "functions": {"": {"executed_lines": [2, 4, 6], "summary": {"covered_lines": 3, "num_statements": 3, "percent_covered": 100.0, "percent_covered_display": "100", "missing_lines": 0, "excluded_lines": 0, "percent_statements_covered": 100.0, "percent_statements_covered_display": "100", "num_branches": 0, "num_partial_branches": 0, "covered_branches": 0, "missing_branches": 0, "percent_branches_covered": 100.0, "percent_branches_covered_display": "100"}, "missing_lines": [], "excluded_lines": [], "start_line": 1, "executed_branches": [], "missing_branches": []}}, "classes": {"": {"executed_lines": [2, 4, 6], "summary": {"covered_lines": 3, "num_statements": 3, "percent_covered": 100.0, "percent_covered_display": "100", "missing_lines": 0, "excluded_lines": 0, "percent_statements_covered": 100.0, "percent_statements_covered_display": "100", "num_branches": 0, "num_partial_branches": 0, "covered_branches": 0, "missing_branches": 0, "percent_branches_covered": 100.0, "percent_branches_covered_display": "100"}, "missing_lines": [], "excluded_lines": [], "start_line": 1, "executed_branches": [], "missing_branches": []}}}, "src/opencoulomb/cli/_logging.py": {"executed_lines": [2, 4, 5, 8, 10, 11, 12, 13, 14, 15, 16], "summary": {"covered_lines": 11, "num_statements": 11, "percent_covered": 100.0, "percent_covered_display": "100", "missing_lines": 0, "excluded_lines": 0, "percent_statements_covered": 100.0, "percent_statements_covered_display": "100", "num_branches": 2, "num_partial_branches": 0, "covered_branches": 2, "missing_branches": 0, "percent_branches_covered": 100.0, "percent_branches_covered_display": "100"}, "missing_lines": [], "excluded_lines": [], "executed_branches": [[13, -8], [13, 14]], "missing_branches": [], "functions": {"setup_logging": {"executed_lines": [10, 11, 12, 13, 14, 15, 16], "summary": {"covered_lines": 7, "num_statements": 7, "percent_covered": 100.0, "percent_covered_display": "100", "missing_lines": 0, "excluded_lines": 0, "percent_statements_covered": 100.0, "percent_statements_covered_display": "100", "num_branches": 2, "num_partial_branches": 0, "covered_branches": 2, "missing_branches": 0, "percent_branches_covered": 100.0, "percent_branches_covered_display": "100"}, "missing_lines": [], "excluded_lines": [], "start_line": 8, "executed_branches": [[13, -8], [13, 14]], "missing_branches": []}, "": {"executed_lines": [2, 4, 5, 8], "summary": {"covered_lines": 4, "num_statements": 4, "percent_covered": 100.0, "percent_covered_display": "100", "missing_lines": 0, "excluded_lines": 0, "percent_statements_covered": 100.0, "percent_statements_covered_display": "100", "num_branches": 0, "num_partial_branches": 0, "covered_branches": 0, "missing_branches": 0, "percent_branches_covered": 100.0, "percent_branches_covered_display": "100"}, "missing_lines": [], "excluded_lines": [], "start_line": 1, "executed_branches": [], "missing_branches": []}}, "classes": {"": {"executed_lines": [2, 4, 5, 8, 10, 11, 12, 13, 14, 15, 16], "summary": {"covered_lines": 11, "num_statements": 11, "percent_covered": 100.0, "percent_covered_display": "100", "missing_lines": 0, "excluded_lines": 0, "percent_statements_covered": 100.0, "percent_statements_covered_display": "100", "num_branches": 2, "num_partial_branches": 0, "covered_branches": 2, "missing_branches": 0, "percent_branches_covered": 100.0, "percent_branches_covered_display": "100"}, "missing_lines": [], "excluded_lines": [], "start_line": 1, "executed_branches": [[13, -8], [13, 14]], "missing_branches": []}}}, "src/opencoulomb/cli/catalog.py": {"executed_lines": [2, 4, 5, 7, 9, 12, 13, 14, 15, 16, 17, 18, 19, 20], "summary": {"covered_lines": 14, "num_statements": 33, "percent_covered": 37.83783783783784, "percent_covered_display": "38", "missing_lines": 19, "excluded_lines": 0, "percent_statements_covered": 42.42424242424242, "percent_statements_covered_display": "42", "num_branches": 4, "num_partial_branches": 0, "covered_branches": 0, "missing_branches": 4, "percent_branches_covered": 0.0, "percent_branches_covered_display": "0"}, "missing_lines": [36, 37, 39, 41, 42, 43, 44, 46, 47, 48, 49, 50, 51, 53, 54, 56, 58, 59, 60], "excluded_lines": [], "executed_branches": [], "missing_branches": [[42, 43], [42, 46], [53, 54], [53, 56]], "functions": {"catalog_cmd": {"executed_lines": [], "summary": {"covered_lines": 0, "num_statements": 19, "percent_covered": 0.0, "percent_covered_display": "0", "missing_lines": 19, "excluded_lines": 0, "percent_statements_covered": 0.0, "percent_statements_covered_display": "0", "num_branches": 4, "num_partial_branches": 0, "covered_branches": 0, "missing_branches": 4, "percent_branches_covered": 0.0, "percent_branches_covered_display": "0"}, "missing_lines": [36, 37, 39, 41, 42, 43, 44, 46, 47, 48, 49, 50, 51, 53, 54, 56, 58, 59, 60], "excluded_lines": [], "start_line": 20, "executed_branches": [], "missing_branches": [[42, 43], [42, 46], [53, 54], [53, 56]]}, "": {"executed_lines": [2, 4, 5, 7, 9, 12, 13, 14, 15, 16, 17, 18, 19, 20], "summary": {"covered_lines": 14, "num_statements": 14, "percent_covered": 100.0, "percent_covered_display": "100", "missing_lines": 0, "excluded_lines": 0, "percent_statements_covered": 100.0, "percent_statements_covered_display": "100", "num_branches": 0, "num_partial_branches": 0, "covered_branches": 0, "missing_branches": 0, "percent_branches_covered": 100.0, "percent_branches_covered_display": "100"}, "missing_lines": [], "excluded_lines": [], "start_line": 1, "executed_branches": [], "missing_branches": []}}, "classes": {"": {"executed_lines": [2, 4, 5, 7, 9, 12, 13, 14, 15, 16, 17, 18, 19, 20], "summary": {"covered_lines": 14, "num_statements": 33, "percent_covered": 37.83783783783784, "percent_covered_display": "38", "missing_lines": 19, "excluded_lines": 0, "percent_statements_covered": 42.42424242424242, "percent_statements_covered_display": "42", "num_branches": 4, "num_partial_branches": 0, "covered_branches": 0, "missing_branches": 4, "percent_branches_covered": 0.0, "percent_branches_covered_display": "0"}, "missing_lines": [36, 37, 39, 41, 42, 43, 44, 46, 47, 48, 49, 50, 51, 53, 54, 56, 58, 59, 60], "excluded_lines": [], "start_line": 1, "executed_branches": [], "missing_branches": [[42, 43], [42, 46], [53, 54], [53, 56]]}}}, "src/opencoulomb/cli/compute.py": {"executed_lines": [2, 4, 5, 7, 9, 12, 13, 14, 15, 16, 17, 18, 19, 20, 21, 22, 23, 24, 25, 26, 27, 28, 29, 48, 49, 51, 52, 53, 55, 58, 59, 60, 61, 64, 67, 68, 78, 109, 110, 111, 112, 118, 121, 124, 126, 127, 128, 129, 131, 132, 133, 134, 136, 137, 138, 139, 142, 143, 144, 145, 148, 149, 150, 151, 152, 153, 154, 155, 157], "summary": {"covered_lines": 69, "num_statements": 93, "percent_covered": 75.22935779816514, "percent_covered_display": "75", "missing_lines": 24, "excluded_lines": 0, "percent_statements_covered": 74.19354838709677, "percent_statements_covered_display": "74", "num_branches": 16, "num_partial_branches": 3, "covered_branches": 13, "missing_branches": 3, "percent_branches_covered": 81.25, "percent_branches_covered_display": "81"}, "missing_lines": [62, 63, 69, 70, 79, 80, 81, 87, 88, 89, 93, 94, 95, 97, 98, 99, 100, 102, 103, 104, 106, 107, 116, 117], "excluded_lines": [], "executed_branches": [[51, 52], [51, 53], [68, 78], [78, 109], [126, 127], [126, 131], [131, 132], [131, 136], [136, 137], [136, 142], [142, 143], [142, 148], [148, 149]], "missing_branches": [[68, 69], [78, 79], [148, 157]], "functions": {"compute_cmd": {"executed_lines": [48, 49, 51, 52, 53, 55, 58, 59, 60, 61, 64, 67, 68, 78, 109, 110, 111, 112, 118, 121, 124, 126, 127, 128, 129, 131, 132, 133, 134, 136, 137, 138, 139, 142, 143, 144, 145, 148, 149, 150, 151, 152, 153, 154, 155, 157], "summary": {"covered_lines": 46, "num_statements": 70, "percent_covered": 68.6046511627907, "percent_covered_display": "69", "missing_lines": 24, "excluded_lines": 0, "percent_statements_covered": 65.71428571428571, "percent_statements_covered_display": "66", "num_branches": 16, "num_partial_branches": 3, "covered_branches": 13, "missing_branches": 3, "percent_branches_covered": 81.25, "percent_branches_covered_display": "81"}, "missing_lines": [62, 63, 69, 70, 79, 80, 81, 87, 88, 89, 93, 94, 95, 97, 98, 99, 100, 102, 103, 104, 106, 107, 116, 117], "excluded_lines": [], "start_line": 29, "executed_branches": [[51, 52], [51, 53], [68, 78], [78, 109], [126, 127], [126, 131], [131, 132], [131, 136], [136, 137], [136, 142], [142, 143], [142, 148], [148, 149]], "missing_branches": [[68, 69], [78, 79], [148, 157]]}, "": {"executed_lines": [2, 4, 5, 7, 9, 12, 13, 14, 15, 16, 17, 18, 19, 20, 21, 22, 23, 24, 25, 26, 27, 28, 29], "summary": {"covered_lines": 23, "num_statements": 23, "percent_covered": 100.0, "percent_covered_display": "100", "missing_lines": 0, "excluded_lines": 0, "percent_statements_covered": 100.0, "percent_statements_covered_display": "100", "num_branches": 0, "num_partial_branches": 0, "covered_branches": 0, "missing_branches": 0, "percent_branches_covered": 100.0, "percent_branches_covered_display": "100"}, "missing_lines": [], "excluded_lines": [], "start_line": 1, "executed_branches": [], "missing_branches": []}}, "classes": {"": {"executed_lines": [2, 4, 5, 7, 9, 12, 13, 14, 15, 16, 17, 18, 19, 20, 21, 22, 23, 24, 25, 26, 27, 28, 29, 48, 49, 51, 52, 53, 55, 58, 59, 60, 61, 64, 67, 68, 78, 109, 110, 111, 112, 118, 121, 124, 126, 127, 128, 129, 131, 132, 133, 134, 136, 137, 138, 139, 142, 143, 144, 145, 148, 149, 150, 151, 152, 153, 154, 155, 157], "summary": {"covered_lines": 69, "num_statements": 93, "percent_covered": 75.22935779816514, "percent_covered_display": "75", "missing_lines": 24, "excluded_lines": 0, "percent_statements_covered": 74.19354838709677, "percent_statements_covered_display": "74", "num_branches": 16, "num_partial_branches": 3, "covered_branches": 13, "missing_branches": 3, "percent_branches_covered": 81.25, "percent_branches_covered_display": "81"}, "missing_lines": [62, 63, 69, 70, 79, 80, 81, 87, 88, 89, 93, 94, 95, 97, 98, 99, 100, 102, 103, 104, 106, 107, 116, 117], "excluded_lines": [], "start_line": 1, "executed_branches": [[51, 52], [51, 53], [68, 78], [78, 109], [126, 127], [126, 131], [131, 132], [131, 136], [136, 137], [136, 142], [142, 143], [142, 148], [148, 149]], "missing_branches": [[68, 69], [78, 79], [148, 157]]}}}, "src/opencoulomb/cli/convert.py": {"executed_lines": [3, 5, 6, 8, 10, 12, 15, 16, 17, 23, 24, 25, 26, 27, 39, 41, 43, 44, 46, 47, 49, 50, 52, 53, 54, 55, 57, 58, 60, 61, 62, 64, 65, 66, 68, 69, 70, 72, 74], "summary": {"covered_lines": 39, "num_statements": 39, "percent_covered": 97.95918367346938, "percent_covered_display": "98", "missing_lines": 0, "excluded_lines": 0, "percent_statements_covered": 100.0, "percent_statements_covered_display": "100", "num_branches": 10, "num_partial_branches": 1, "covered_branches": 9, "missing_branches": 1, "percent_branches_covered": 90.0, "percent_branches_covered_display": "90"}, "missing_lines": [], "excluded_lines": [], "executed_branches": [[53, 54], [53, 57], [57, 58], [57, 61], [61, 62], [61, 65], [65, 66], [65, 69], [69, 70]], "missing_branches": [[69, 74]], "functions": {"convert_cmd": {"executed_lines": [39, 41, 43, 44, 46, 47, 49, 50, 52, 53, 54, 55, 57, 58, 60, 61, 62, 64, 65, 66, 68, 69, 70, 72, 74], "summary": {"covered_lines": 25, "num_statements": 25, "percent_covered": 97.14285714285714, "percent_covered_display": "97", "missing_lines": 0, "excluded_lines": 0, "percent_statements_covered": 100.0, "percent_statements_covered_display": "100", "num_branches": 10, "num_partial_branches": 1, "covered_branches": 9, "missing_branches": 1, "percent_branches_covered": 90.0, "percent_branches_covered_display": "90"}, "missing_lines": [], "excluded_lines": [], "start_line": 27, "executed_branches": [[53, 54], [53, 57], [57, 58], [57, 61], [61, 62], [61, 65], [65, 66], [65, 69], [69, 70]], "missing_branches": [[69, 74]]}, "": {"executed_lines": [3, 5, 6, 8, 10, 12, 15, 16, 17, 23, 24, 25, 26, 27], "summary": {"covered_lines": 14, "num_statements": 14, "percent_covered": 100.0, "percent_covered_display": "100", "missing_lines": 0, "excluded_lines": 0, "percent_statements_covered": 100.0, "percent_statements_covered_display": "100", "num_branches": 0, "num_partial_branches": 0, "covered_branches": 0, "missing_branches": 0, "percent_branches_covered": 100.0, "percent_branches_covered_display": "100"}, "missing_lines": [], "excluded_lines": [], "start_line": 1, "executed_branches": [], "missing_branches": []}}, "classes": {"": {"executed_lines": [3, 5, 6, 8, 10, 12, 15, 16, 17, 23, 24, 25, 26, 27, 39, 41, 43, 44, 46, 47, 49, 50, 52, 53, 54, 55, 57, 58, 60, 61, 62, 64, 65, 66, 68, 69, 70, 72, 74], "summary": {"covered_lines": 39, "num_statements": 39, "percent_covered": 97.95918367346938, "percent_covered_display": "98", "missing_lines": 0, "excluded_lines": 0, "percent_statements_covered": 100.0, "percent_statements_covered_display": "100", "num_branches": 10, "num_partial_branches": 1, "covered_branches": 9, "missing_branches": 1, "percent_branches_covered": 90.0, "percent_branches_covered_display": "90"}, "missing_lines": [], "excluded_lines": [], "start_line": 1, "executed_branches": [[53, 54], [53, 57], [57, 58], [57, 61], [61, 62], [61, 65], [65, 66], [65, 69], [69, 70]], "missing_branches": [[69, 74]]}}}, "src/opencoulomb/cli/fetch.py": {"executed_lines": [2, 4, 5, 7, 9, 12, 13, 14, 15, 16, 17, 18, 19, 20, 21, 22], "summary": {"covered_lines": 16, "num_statements": 49, "percent_covered": 26.229508196721312, "percent_covered_display": "26", "missing_lines": 33, "excluded_lines": 0, "percent_statements_covered": 32.6530612244898, "percent_statements_covered_display": "33", "num_branches": 12, "num_partial_branches": 0, "covered_branches": 0, "missing_branches": 12, "percent_branches_covered": 0.0, "percent_branches_covered_display": "0"}, "missing_lines": [41, 42, 44, 45, 46, 52, 53, 54, 55, 56, 57, 58, 60, 61, 63, 65, 66, 68, 69, 70, 71, 72, 73, 75, 76, 77, 78, 79, 80, 81, 82, 83, 84], "excluded_lines": [], "executed_branches": [], "missing_branches": [[44, 45], [44, 60], [52, 53], [52, 55], [56, 57], [56, 58], [60, 61], [60, 63], [65, 66], [65, 68], [75, -12], [75, 76]], "functions": {"fetch_cmd": {"executed_lines": [], "summary": {"covered_lines": 0, "num_statements": 33, "percent_covered": 0.0, "percent_covered_display": "0", "missing_lines": 33, "excluded_lines": 0, "percent_statements_covered": 0.0, "percent_statements_covered_display": "0", "num_branches": 12, "num_partial_branches": 0, "covered_branches": 0, "missing_branches": 12, "percent_branches_covered": 0.0, "percent_branches_covered_display": "0"}, "missing_lines": [41, 42, 44, 45, 46, 52, 53, 54, 55, 56, 57, 58, 60, 61, 63, 65, 66, 68, 69, 70, 71, 72, 73, 75, 76, 77, 78, 79, 80, 81, 82, 83, 84], "excluded_lines": [], "start_line": 22, "executed_branches": [], "missing_branches": [[44, 45], [44, 60], [52, 53], [52, 55], [56, 57], [56, 58], [60, 61], [60, 63], [65, 66], [65, 68], [75, -12], [75, 76]]}, "": {"executed_lines": [2, 4, 5, 7, 9, 12, 13, 14, 15, 16, 17, 18, 19, 20, 21, 22], "summary": {"covered_lines": 16, "num_statements": 16, "percent_covered": 100.0, "percent_covered_display": "100", "missing_lines": 0, "excluded_lines": 0, "percent_statements_covered": 100.0, "percent_statements_covered_display": "100", "num_branches": 0, "num_partial_branches": 0, "covered_branches": 0, "missing_branches": 0, "percent_branches_covered": 100.0, "percent_branches_covered_display": "100"}, "missing_lines": [], "excluded_lines": [], "start_line": 1, "executed_branches": [], "missing_branches": []}}, "classes": {"": {"executed_lines": [2, 4, 5, 7, 9, 12, 13, 14, 15, 16, 17, 18, 19, 20, 21, 22], "summary": {"covered_lines": 16, "num_statements": 49, "percent_covered": 26.229508196721312, "percent_covered_display": "26", "missing_lines": 33, "excluded_lines": 0, "percent_statements_covered": 32.6530612244898, "percent_statements_covered_display": "33", "num_branches": 12, "num_partial_branches": 0, "covered_branches": 0, "missing_branches": 12, "percent_branches_covered": 0.0, "percent_branches_covered_display": "0"}, "missing_lines": [41, 42, 44, 45, 46, 52, 53, 54, 55, 56, 57, 58, 60, 61, 63, 65, 66, 68, 69, 70, 71, 72, 73, 75, 76, 77, 78, 79, 80, 81, 82, 83, 84], "excluded_lines": [], "start_line": 1, "executed_branches": [], "missing_branches": [[44, 45], [44, 60], [52, 53], [52, 55], [56, 57], [56, 58], [60, 61], [60, 63], [65, 66], [65, 68], [75, -12], [75, 76]]}}}, "src/opencoulomb/cli/info.py": {"executed_lines": [2, 4, 6, 9, 10, 11, 13, 14, 15, 19, 20, 21, 22, 23, 24, 26, 27, 28, 30, 34, 35, 37, 38, 39], "summary": {"covered_lines": 24, "num_statements": 28, "percent_covered": 80.55555555555556, "percent_covered_display": "81", "missing_lines": 4, "excluded_lines": 0, "percent_statements_covered": 85.71428571428571, "percent_statements_covered_display": "86", "num_branches": 8, "num_partial_branches": 3, "covered_branches": 5, "missing_branches": 3, "percent_branches_covered": 62.5, "percent_branches_covered_display": "62"}, "missing_lines": [16, 17, 31, 32], "excluded_lines": [], "executed_branches": [[26, 27], [26, 30], [30, 34], [34, 35], [37, 38]], "missing_branches": [[30, 31], [34, 37], [37, -9]], "functions": {"info_cmd": {"executed_lines": [13, 14, 15, 19, 20, 21, 22, 23, 24, 26, 27, 28, 30, 34, 35, 37, 38, 39], "summary": {"covered_lines": 18, "num_statements": 22, "percent_covered": 76.66666666666667, "percent_covered_display": "77", "missing_lines": 4, "excluded_lines": 0, "percent_statements_covered": 81.81818181818181, "percent_statements_covered_display": "82", "num_branches": 8, "num_partial_branches": 3, "covered_branches": 5, "missing_branches": 3, "percent_branches_covered": 62.5, "percent_branches_covered_display": "62"}, "missing_lines": [16, 17, 31, 32], "excluded_lines": [], "start_line": 11, "executed_branches": [[26, 27], [26, 30], [30, 34], [34, 35], [37, 38]], "missing_branches": [[30, 31], [34, 37], [37, -9]]}, "": {"executed_lines": [2, 4, 6, 9, 10, 11], "summary": {"covered_lines": 6, "num_statements": 6, "percent_covered": 100.0, "percent_covered_display": "100", "missing_lines": 0, "excluded_lines": 0, "percent_statements_covered": 100.0, "percent_statements_covered_display": "100", "num_branches": 0, "num_partial_branches": 0, "covered_branches": 0, "missing_branches": 0, "percent_branches_covered": 100.0, "percent_branches_covered_display": "100"}, "missing_lines": [], "excluded_lines": [], "start_line": 1, "executed_branches": [], "missing_branches": []}}, "classes": {"": {"executed_lines": [2, 4, 6, 9, 10, 11, 13, 14, 15, 19, 20, 21, 22, 23, 24, 26, 27, 28, 30, 34, 35, 37, 38, 39], "summary": {"covered_lines": 24, "num_statements": 28, "percent_covered": 80.55555555555556, "percent_covered_display": "81", "missing_lines": 4, "excluded_lines": 0, "percent_statements_covered": 85.71428571428571, "percent_statements_covered_display": "86", "num_branches": 8, "num_partial_branches": 3, "covered_branches": 5, "missing_branches": 3, "percent_branches_covered": 62.5, "percent_branches_covered_display": "62"}, "missing_lines": [16, 17, 31, 32], "excluded_lines": [], "start_line": 1, "executed_branches": [[26, 27], [26, 30], [30, 34], [34, 35], [37, 38]], "missing_branches": [[30, 31], [34, 37], [37, -9]]}}}, "src/opencoulomb/cli/main.py": {"executed_lines": [3, 5, 7, 8, 9, 10, 11, 12, 13, 14, 17, 18, 19, 23, 24, 25, 26, 27, 28, 29, 30], "summary": {"covered_lines": 21, "num_statements": 21, "percent_covered": 100.0, "percent_covered_display": "100", "missing_lines": 0, "excluded_lines": 0, "percent_statements_covered": 100.0, "percent_statements_covered_display": "100", "num_branches": 0, "num_partial_branches": 0, "covered_branches": 0, "missing_branches": 0, "percent_branches_covered": 100.0, "percent_branches_covered_display": "100"}, "missing_lines": [], "excluded_lines": [], "executed_branches": [], "missing_branches": [], "functions": {"cli": {"executed_lines": [], "summary": {"covered_lines": 0, "num_statements": 0, "percent_covered": 100.0, "percent_covered_display": "100", "missing_lines": 0, "excluded_lines": 0, "percent_statements_covered": 100.0, "percent_statements_covered_display": "100", "num_branches": 0, "num_partial_branches": 0, "covered_branches": 0, "missing_branches": 0, "percent_branches_covered": 100.0, "percent_branches_covered_display": "100"}, "missing_lines": [], "excluded_lines": [], "start_line": 19, "executed_branches": [], "missing_branches": []}, "": {"executed_lines": [3, 5, 7, 8, 9, 10, 11, 12, 13, 14, 17, 18, 19, 23, 24, 25, 26, 27, 28, 29, 30], "summary": {"covered_lines": 21, "num_statements": 21, "percent_covered": 100.0, "percent_covered_display": "100", "missing_lines": 0, "excluded_lines": 0, "percent_statements_covered": 100.0, "percent_statements_covered_display": "100", "num_branches": 0, "num_partial_branches": 0, "covered_branches": 0, "missing_branches": 0, "percent_branches_covered": 100.0, "percent_branches_covered_display": "100"}, "missing_lines": [], "excluded_lines": [], "start_line": 1, "executed_branches": [], "missing_branches": []}}, "classes": {"": {"executed_lines": [3, 5, 7, 8, 9, 10, 11, 12, 13, 14, 17, 18, 19, 23, 24, 25, 26, 27, 28, 29, 30], "summary": {"covered_lines": 21, "num_statements": 21, "percent_covered": 100.0, "percent_covered_display": "100", "missing_lines": 0, "excluded_lines": 0, "percent_statements_covered": 100.0, "percent_statements_covered_display": "100", "num_branches": 0, "num_partial_branches": 0, "covered_branches": 0, "missing_branches": 0, "percent_branches_covered": 100.0, "percent_branches_covered_display": "100"}, "missing_lines": [], "excluded_lines": [], "start_line": 1, "executed_branches": [], "missing_branches": []}}}, "src/opencoulomb/cli/plot.py": {"executed_lines": [2, 4, 5, 7, 9, 12, 13, 14, 15, 16, 17, 18, 19, 20, 21, 22, 23, 24, 25, 26, 42, 43, 45, 46, 48, 49, 50, 52, 53, 54, 56, 57, 59, 60, 62, 64, 65, 66, 67, 108, 116, 117, 118, 119, 120], "summary": {"covered_lines": 45, "num_statements": 81, "percent_covered": 48.598130841121495, "percent_covered_display": "49", "missing_lines": 36, "excluded_lines": 0, "percent_statements_covered": 55.55555555555556, "percent_statements_covered_display": "56", "num_branches": 26, "num_partial_branches": 3, "covered_branches": 7, "missing_branches": 19, "percent_branches_covered": 26.923076923076923, "percent_branches_covered_display": "27"}, "missing_lines": [68, 69, 70, 71, 72, 73, 74, 75, 76, 77, 78, 79, 80, 81, 82, 83, 84, 90, 92, 93, 94, 95, 96, 97, 99, 100, 101, 102, 103, 105, 109, 110, 111, 112, 113, 114], "excluded_lines": [], "executed_branches": [[56, 57], [56, 59], [64, 65], [64, 66], [66, 67], [108, 116], [116, 117]], "missing_branches": [[66, 68], [68, 69], [68, 74], [70, 71], [70, 72], [74, 75], [74, 81], [77, 78], [77, 80], [81, 82], [81, 105], [92, 93], [92, 95], [95, 96], [95, 99], [108, 109], [113, 114], [113, 116], [116, -12]], "functions": {"plot_cmd": {"executed_lines": [42, 43, 45, 46, 48, 49, 50, 52, 53, 54, 56, 57, 59, 60, 62, 64, 65, 66, 67, 108, 116, 117, 118, 119, 120], "summary": {"covered_lines": 25, "num_statements": 61, "percent_covered": 36.7816091954023, "percent_covered_display": "37", "missing_lines": 36, "excluded_lines": 0, "percent_statements_covered": 40.98360655737705, "percent_statements_covered_display": "41", "num_branches": 26, "num_partial_branches": 3, "covered_branches": 7, "missing_branches": 19, "percent_branches_covered": 26.923076923076923, "percent_branches_covered_display": "27"}, "missing_lines": [68, 69, 70, 71, 72, 73, 74, 75, 76, 77, 78, 79, 80, 81, 82, 83, 84, 90, 92, 93, 94, 95, 96, 97, 99, 100, 101, 102, 103, 105, 109, 110, 111, 112, 113, 114], "excluded_lines": [], "start_line": 26, "executed_branches": [[56, 57], [56, 59], [64, 65], [64, 66], [66, 67], [108, 116], [116, 117]], "missing_branches": [[66, 68], [68, 69], [68, 74], [70, 71], [70, 72], [74, 75], [74, 81], [77, 78], [77, 80], [81, 82], [81, 105], [92, 93], [92, 95], [95, 96], [95, 99], [108, 109], [113, 114], [113, 116], [116, -12]]}, "": {"executed_lines": [2, 4, 5, 7, 9, 12, 13, 14, 15, 16, 17, 18, 19, 20, 21, 22, 23, 24, 25, 26], "summary": {"covered_lines": 20, "num_statements": 20, "percent_covered": 100.0, "percent_covered_display": "100", "missing_lines": 0, "excluded_lines": 0, "percent_statements_covered": 100.0, "percent_statements_covered_display": "100", "num_branches": 0, "num_partial_branches": 0, "covered_branches": 0, "missing_branches": 0, "percent_branches_covered": 100.0, "percent_branches_covered_display": "100"}, "missing_lines": [], "excluded_lines": [], "start_line": 1, "executed_branches": [], "missing_branches": []}}, "classes": {"": {"executed_lines": [2, 4, 5, 7, 9, 12, 13, 14, 15, 16, 17, 18, 19, 20, 21, 22, 23, 24, 25, 26, 42, 43, 45, 46, 48, 49, 50, 52, 53, 54, 56, 57, 59, 60, 62, 64, 65, 66, 67, 108, 116, 117, 118, 119, 120], "summary": {"covered_lines": 45, "num_statements": 81, "percent_covered": 48.598130841121495, "percent_covered_display": "49", "missing_lines": 36, "excluded_lines": 0, "percent_statements_covered": 55.55555555555556, "percent_statements_covered_display": "56", "num_branches": 26, "num_partial_branches": 3, "covered_branches": 7, "missing_branches": 19, "percent_branches_covered": 26.923076923076923, "percent_branches_covered_display": "27"}, "missing_lines": [68, 69, 70, 71, 72, 73, 74, 75, 76, 77, 78, 79, 80, 81, 82, 83, 84, 90, 92, 93, 94, 95, 96, 97, 99, 100, 101, 102, 103, 105, 109, 110, 111, 112, 113, 114], "excluded_lines": [], "start_line": 1, "executed_branches": [[56, 57], [56, 59], [64, 65], [64, 66], [66, 67], [108, 116], [116, 117]], "missing_branches": [[66, 68], [68, 69], [68, 74], [70, 71], [70, 72], [74, 75], [74, 81], [77, 78], [77, 80], [81, 82], [81, 105], [92, 93], [92, 95], [95, 96], [95, 99], [108, 109], [113, 114], [113, 116], [116, -12]]}}}, "src/opencoulomb/cli/scale.py": {"executed_lines": [2, 4, 7, 8, 9, 15, 21, 26, 28, 30, 31, 33, 35, 36, 37, 38, 39, 40, 41], "summary": {"covered_lines": 19, "num_statements": 19, "percent_covered": 100.0, "percent_covered_display": "100", "missing_lines": 0, "excluded_lines": 0, "percent_statements_covered": 100.0, "percent_statements_covered_display": "100", "num_branches": 2, "num_partial_branches": 0, "covered_branches": 2, "missing_branches": 0, "percent_branches_covered": 100.0, "percent_branches_covered_display": "100"}, "missing_lines": [], "excluded_lines": [], "executed_branches": [[30, 31], [30, 33]], "missing_branches": [], "functions": {"scale_cmd": {"executed_lines": [26, 28, 30, 31, 33, 35, 36, 37, 38, 39, 40, 41], "summary": {"covered_lines": 12, "num_statements": 12, "percent_covered": 100.0, "percent_covered_display": "100", "missing_lines": 0, "excluded_lines": 0, "percent_statements_covered": 100.0, "percent_statements_covered_display": "100", "num_branches": 2, "num_partial_branches": 0, "covered_branches": 2, "missing_branches": 0, "percent_branches_covered": 100.0, "percent_branches_covered_display": "100"}, "missing_lines": [], "excluded_lines": [], "start_line": 21, "executed_branches": [[30, 31], [30, 33]], "missing_branches": []}, "": {"executed_lines": [2, 4, 7, 8, 9, 15, 21], "summary": {"covered_lines": 7, "num_statements": 7, "percent_covered": 100.0, "percent_covered_display": "100", "missing_lines": 0, "excluded_lines": 0, "percent_statements_covered": 100.0, "percent_statements_covered_display": "100", "num_branches": 0, "num_partial_branches": 0, "covered_branches": 0, "missing_branches": 0, "percent_branches_covered": 100.0, "percent_branches_covered_display": "100"}, "missing_lines": [], "excluded_lines": [], "start_line": 1, "executed_branches": [], "missing_branches": []}}, "classes": {"": {"executed_lines": [2, 4, 7, 8, 9, 15, 21, 26, 28, 30, 31, 33, 35, 36, 37, 38, 39, 40, 41], "summary": {"covered_lines": 19, "num_statements": 19, "percent_covered": 100.0, "percent_covered_display": "100", "missing_lines": 0, "excluded_lines": 0, "percent_statements_covered": 100.0, "percent_statements_covered_display": "100", "num_branches": 2, "num_partial_branches": 0, "covered_branches": 2, "missing_branches": 0, "percent_branches_covered": 100.0, "percent_branches_covered_display": "100"}, "missing_lines": [], "excluded_lines": [], "start_line": 1, "executed_branches": [[30, 31], [30, 33]], "missing_branches": []}}}, "src/opencoulomb/cli/validate.py": {"executed_lines": [3, 5, 6, 8, 10, 13, 14, 15, 16, 18, 20, 22, 24, 25, 29, 30, 32, 35, 37, 38, 41, 42, 44, 48, 49, 51, 55, 56, 57, 60, 61, 62, 63, 67], "summary": {"covered_lines": 34, "num_statements": 43, "percent_covered": 72.3076923076923, "percent_covered_display": "72", "missing_lines": 9, "excluded_lines": 0, "percent_statements_covered": 79.06976744186046, "percent_statements_covered_display": "79", "num_branches": 22, "num_partial_branches": 9, "covered_branches": 13, "missing_branches": 9, "percent_branches_covered": 59.09090909090909, "percent_branches_covered_display": "59"}, "missing_lines": [26, 27, 36, 43, 45, 50, 52, 58, 65], "excluded_lines": [], "executed_branches": [[35, 37], [37, 38], [42, 44], [44, 48], [48, 49], [48, 55], [49, 51], [51, 48], [55, 56], [57, 60], [60, 61], [62, 63], [62, 67]], "missing_branches": [[35, 36], [37, 41], [42, 43], [44, 45], [49, 50], [51, 52], [55, 60], [57, 58], [60, 65]], "functions": {"validate_cmd": {"executed_lines": [18, 20, 22, 24, 25, 29, 30, 32, 35, 37, 38, 41, 42, 44, 48, 49, 51, 55, 56, 57, 60, 61, 62, 63, 67], "summary": {"covered_lines": 25, "num_statements": 34, "percent_covered": 67.85714285714286, "percent_covered_display": "68", "missing_lines": 9, "excluded_lines": 0, "percent_statements_covered": 73.52941176470588, "percent_statements_covered_display": "74", "num_branches": 22, "num_partial_branches": 9, "covered_branches": 13, "missing_branches": 9, "percent_branches_covered": 59.09090909090909, "percent_branches_covered_display": "59"}, "missing_lines": [26, 27, 36, 43, 45, 50, 52, 58, 65], "excluded_lines": [], "start_line": 16, "executed_branches": [[35, 37], [37, 38], [42, 44], [44, 48], [48, 49], [48, 55], [49, 51], [51, 48], [55, 56], [57, 60], [60, 61], [62, 63], [62, 67]], "missing_branches": [[35, 36], [37, 41], [42, 43], [44, 45], [49, 50], [51, 52], [55, 60], [57, 58], [60, 65]]}, "": {"executed_lines": [3, 5, 6, 8, 10, 13, 14, 15, 16], "summary": {"covered_lines": 9, "num_statements": 9, "percent_covered": 100.0, "percent_covered_display": "100", "missing_lines": 0, "excluded_lines": 0, "percent_statements_covered": 100.0, "percent_statements_covered_display": "100", "num_branches": 0, "num_partial_branches": 0, "covered_branches": 0, "missing_branches": 0, "percent_branches_covered": 100.0, "percent_branches_covered_display": "100"}, "missing_lines": [], "excluded_lines": [], "start_line": 1, "executed_branches": [], "missing_branches": []}}, "classes": {"": {"executed_lines": [3, 5, 6, 8, 10, 13, 14, 15, 16, 18, 20, 22, 24, 25, 29, 30, 32, 35, 37, 38, 41, 42, 44, 48, 49, 51, 55, 56, 57, 60, 61, 62, 63, 67], "summary": {"covered_lines": 34, "num_statements": 43, "percent_covered": 72.3076923076923, "percent_covered_display": "72", "missing_lines": 9, "excluded_lines": 0, "percent_statements_covered": 79.06976744186046, "percent_statements_covered_display": "79", "num_branches": 22, "num_partial_branches": 9, "covered_branches": 13, "missing_branches": 9, "percent_branches_covered": 59.09090909090909, "percent_branches_covered_display": "59"}, "missing_lines": [26, 27, 36, 43, 45, 50, 52, 58, 65], "excluded_lines": [], "start_line": 1, "executed_branches": [[35, 37], [37, 38], [42, 44], [44, 48], [48, 49], [48, 55], [49, 51], [51, 48], [55, 56], [57, 60], [60, 61], [62, 63], [62, 67]], "missing_branches": [[35, 36], [37, 41], [42, 43], [44, 45], [49, 50], [51, 52], [55, 60], [57, 58], [60, 65]]}}}, "src/opencoulomb/core/__init__.py": {"executed_lines": [3, 11, 12, 13, 18, 24, 31, 32, 41], "summary": {"covered_lines": 9, "num_statements": 9, "percent_covered": 100.0, "percent_covered_display": "100", "missing_lines": 0, "excluded_lines": 0, "percent_statements_covered": 100.0, "percent_statements_covered_display": "100", "num_branches": 0, "num_partial_branches": 0, "covered_branches": 0, "missing_branches": 0, "percent_branches_covered": 100.0, "percent_branches_covered_display": "100"}, "missing_lines": [], "excluded_lines": [], "executed_branches": [], "missing_branches": [], "functions": {"": {"executed_lines": [3, 11, 12, 13, 18, 24, 31, 32, 41], "summary": {"covered_lines": 9, "num_statements": 9, "percent_covered": 100.0, "percent_covered_display": "100", "missing_lines": 0, "excluded_lines": 0, "percent_statements_covered": 100.0, "percent_statements_covered_display": "100", "num_branches": 0, "num_partial_branches": 0, "covered_branches": 0, "missing_branches": 0, "percent_branches_covered": 100.0, "percent_branches_covered_display": "100"}, "missing_lines": [], "excluded_lines": [], "start_line": 1, "executed_branches": [], "missing_branches": []}}, "classes": {"": {"executed_lines": [3, 11, 12, 13, 18, 24, 31, 32, 41], "summary": {"covered_lines": 9, "num_statements": 9, "percent_covered": 100.0, "percent_covered_display": "100", "missing_lines": 0, "excluded_lines": 0, "percent_statements_covered": 100.0, "percent_statements_covered_display": "100", "num_branches": 0, "num_partial_branches": 0, "covered_branches": 0, "missing_branches": 0, "percent_branches_covered": 100.0, "percent_branches_covered_display": "100"}, "missing_lines": [], "excluded_lines": [], "start_line": 1, "executed_branches": [], "missing_branches": []}}}, "src/opencoulomb/core/coordinates.py": {"executed_lines": [9, 11, 13, 19, 43, 44, 45, 46, 48, 49, 50, 52, 55, 69, 70, 73, 88, 89, 92, 123, 125, 126, 127, 129, 130, 131, 133, 136, 157, 159, 161, 162, 163, 165, 168, 208, 209, 210, 212, 213, 216, 217, 218, 221, 222, 223, 226, 227, 230, 231, 232, 233, 236, 237, 238, 239, 241], "summary": {"covered_lines": 57, "num_statements": 57, "percent_covered": 100.0, "percent_covered_display": "100", "missing_lines": 0, "excluded_lines": 2, "percent_statements_covered": 100.0, "percent_statements_covered_display": "100", "num_branches": 0, "num_partial_branches": 0, "covered_branches": 0, "missing_branches": 0, "percent_branches_covered": 100.0, "percent_branches_covered_display": "100"}, "missing_lines": [], "excluded_lines": [15, 16], "executed_branches": [], "missing_branches": [], "functions": {"direction_cosines": {"executed_lines": [43, 44, 45, 46, 48, 49, 50, 52], "summary": {"covered_lines": 8, "num_statements": 8, "percent_covered": 100.0, "percent_covered_display": "100", "missing_lines": 0, "excluded_lines": 0, "percent_statements_covered": 100.0, "percent_statements_covered_display": "100", "num_branches": 0, "num_partial_branches": 0, "covered_branches": 0, "missing_branches": 0, "percent_branches_covered": 100.0, "percent_branches_covered_display": "100"}, "missing_lines": [], "excluded_lines": [], "start_line": 19, "executed_branches": [], "missing_branches": []}, "rotation_matrix": {"executed_lines": [69, 70], "summary": {"covered_lines": 2, "num_statements": 2, "percent_covered": 100.0, "percent_covered_display": "100", "missing_lines": 0, "excluded_lines": 0, "percent_statements_covered": 100.0, "percent_statements_covered_display": "100", "num_branches": 0, "num_partial_branches": 0, "covered_branches": 0, "missing_branches": 0, "percent_branches_covered": 100.0, "percent_branches_covered_display": "100"}, "missing_lines": [], "excluded_lines": [], "start_line": 55, "executed_branches": [], "missing_branches": []}, "strike_dip_to_normal": {"executed_lines": [88, 89], "summary": {"covered_lines": 2, "num_statements": 2, "percent_covered": 100.0, "percent_covered_display": "100", "missing_lines": 0, "excluded_lines": 0, "percent_statements_covered": 100.0, "percent_statements_covered_display": "100", "num_branches": 0, "num_partial_branches": 0, "covered_branches": 0, "missing_branches": 0, "percent_branches_covered": 100.0, "percent_branches_covered_display": "100"}, "missing_lines": [], "excluded_lines": [], "start_line": 73, "executed_branches": [], "missing_branches": []}, "geo_to_fault": {"executed_lines": [123, 125, 126, 127, 129, 130, 131, 133], "summary": {"covered_lines": 8, "num_statements": 8, "percent_covered": 100.0, "percent_covered_display": "100", "missing_lines": 0, "excluded_lines": 0, "percent_statements_covered": 100.0, "percent_statements_covered_display": "100", "num_branches": 0, "num_partial_branches": 0, "covered_branches": 0, "missing_branches": 0, "percent_branches_covered": 100.0, "percent_branches_covered_display": "100"}, "missing_lines": [], "excluded_lines": [], "start_line": 92, "executed_branches": [], "missing_branches": []}, "fault_to_geo_displacement": {"executed_lines": [157, 159, 161, 162, 163, 165], "summary": {"covered_lines": 6, "num_statements": 6, "percent_covered": 100.0, "percent_covered_display": "100", "missing_lines": 0, "excluded_lines": 0, "percent_statements_covered": 100.0, "percent_statements_covered_display": "100", "num_branches": 0, "num_partial_branches": 0, "covered_branches": 0, "missing_branches": 0, "percent_branches_covered": 100.0, "percent_branches_covered_display": "100"}, "missing_lines": [], "excluded_lines": [], "start_line": 136, "executed_branches": [], "missing_branches": []}, "compute_fault_geometry": {"executed_lines": [208, 209, 210, 212, 213, 216, 217, 218, 221, 222, 223, 226, 227, 230, 231, 232, 233, 236, 237, 238, 239, 241], "summary": {"covered_lines": 22, "num_statements": 22, "percent_covered": 100.0, "percent_covered_display": "100", "missing_lines": 0, "excluded_lines": 0, "percent_statements_covered": 100.0, "percent_statements_covered_display": "100", "num_branches": 0, "num_partial_branches": 0, "covered_branches": 0, "missing_branches": 0, "percent_branches_covered": 100.0, "percent_branches_covered_display": "100"}, "missing_lines": [], "excluded_lines": [], "start_line": 168, "executed_branches": [], "missing_branches": []}, "": {"executed_lines": [9, 11, 13, 19, 55, 73, 92, 136, 168], "summary": {"covered_lines": 9, "num_statements": 9, "percent_covered": 100.0, "percent_covered_display": "100", "missing_lines": 0, "excluded_lines": 2, "percent_statements_covered": 100.0, "percent_statements_covered_display": "100", "num_branches": 0, "num_partial_branches": 0, "covered_branches": 0, "missing_branches": 0, "percent_branches_covered": 100.0, "percent_branches_covered_display": "100"}, "missing_lines": [], "excluded_lines": [15, 16], "start_line": 1, "executed_branches": [], "missing_branches": []}}, "classes": {"": {"executed_lines": [9, 11, 13, 19, 43, 44, 45, 46, 48, 49, 50, 52, 55, 69, 70, 73, 88, 89, 92, 123, 125, 126, 127, 129, 130, 131, 133, 136, 157, 159, 161, 162, 163, 165, 168, 208, 209, 210, 212, 213, 216, 217, 218, 221, 222, 223, 226, 227, 230, 231, 232, 233, 236, 237, 238, 239, 241], "summary": {"covered_lines": 57, "num_statements": 57, "percent_covered": 100.0, "percent_covered_display": "100", "missing_lines": 0, "excluded_lines": 2, "percent_statements_covered": 100.0, "percent_statements_covered_display": "100", "num_branches": 0, "num_partial_branches": 0, "covered_branches": 0, "missing_branches": 0, "percent_branches_covered": 100.0, "percent_branches_covered_display": "100"}, "missing_lines": [], "excluded_lines": [15, 16], "start_line": 1, "executed_branches": [], "missing_branches": []}}}, "src/opencoulomb/core/coulomb.py": {"executed_lines": [14, 16, 18, 24, 50, 51, 52, 53, 54, 55, 58, 59, 60, 63, 71, 72, 73, 77, 78, 79, 82, 84, 87, 109, 112, 142, 146, 147], "summary": {"covered_lines": 28, "num_statements": 28, "percent_covered": 100.0, "percent_covered_display": "100", "missing_lines": 0, "excluded_lines": 2, "percent_statements_covered": 100.0, "percent_statements_covered_display": "100", "num_branches": 0, "num_partial_branches": 0, "covered_branches": 0, "missing_branches": 0, "percent_branches_covered": 100.0, "percent_branches_covered_display": "100"}, "missing_lines": [], "excluded_lines": [20, 21], "executed_branches": [], "missing_branches": [], "functions": {"resolve_stress_on_fault": {"executed_lines": [50, 51, 52, 53, 54, 55, 58, 59, 60, 63, 71, 72, 73, 77, 78, 79, 82, 84], "summary": {"covered_lines": 18, "num_statements": 18, "percent_covered": 100.0, "percent_covered_display": "100", "missing_lines": 0, "excluded_lines": 0, "percent_statements_covered": 100.0, "percent_statements_covered_display": "100", "num_branches": 0, "num_partial_branches": 0, "covered_branches": 0, "missing_branches": 0, "percent_branches_covered": 100.0, "percent_branches_covered_display": "100"}, "missing_lines": [], "excluded_lines": [], "start_line": 24, "executed_branches": [], "missing_branches": []}, "compute_cfs": {"executed_lines": [109], "summary": {"covered_lines": 1, "num_statements": 1, "percent_covered": 100.0, "percent_covered_display": "100", "missing_lines": 0, "excluded_lines": 0, "percent_statements_covered": 100.0, "percent_statements_covered_display": "100", "num_branches": 0, "num_partial_branches": 0, "covered_branches": 0, "missing_branches": 0, "percent_branches_covered": 100.0, "percent_branches_covered_display": "100"}, "missing_lines": [], "excluded_lines": [], "start_line": 87, "executed_branches": [], "missing_branches": []}, "compute_cfs_on_receiver": {"executed_lines": [142, 146, 147], "summary": {"covered_lines": 3, "num_statements": 3, "percent_covered": 100.0, "percent_covered_display": "100", "missing_lines": 0, "excluded_lines": 0, "percent_statements_covered": 100.0, "percent_statements_covered_display": "100", "num_branches": 0, "num_partial_branches": 0, "covered_branches": 0, "missing_branches": 0, "percent_branches_covered": 100.0, "percent_branches_covered_display": "100"}, "missing_lines": [], "excluded_lines": [], "start_line": 112, "executed_branches": [], "missing_branches": []}, "": {"executed_lines": [14, 16, 18, 24, 87, 112], "summary": {"covered_lines": 6, "num_statements": 6, "percent_covered": 100.0, "percent_covered_display": "100", "missing_lines": 0, "excluded_lines": 2, "percent_statements_covered": 100.0, "percent_statements_covered_display": "100", "num_branches": 0, "num_partial_branches": 0, "covered_branches": 0, "missing_branches": 0, "percent_branches_covered": 100.0, "percent_branches_covered_display": "100"}, "missing_lines": [], "excluded_lines": [20, 21], "start_line": 1, "executed_branches": [], "missing_branches": []}}, "classes": {"": {"executed_lines": [14, 16, 18, 24, 50, 51, 52, 53, 54, 55, 58, 59, 60, 63, 71, 72, 73, 77, 78, 79, 82, 84, 87, 109, 112, 142, 146, 147], "summary": {"covered_lines": 28, "num_statements": 28, "percent_covered": 100.0, "percent_covered_display": "100", "missing_lines": 0, "excluded_lines": 2, "percent_statements_covered": 100.0, "percent_statements_covered_display": "100", "num_branches": 0, "num_partial_branches": 0, "covered_branches": 0, "missing_branches": 0, "percent_branches_covered": 100.0, "percent_branches_covered_display": "100"}, "missing_lines": [], "excluded_lines": [20, 21], "start_line": 1, "executed_branches": [], "missing_branches": []}}}, "src/opencoulomb/core/okada.py": {"executed_lines": [28, 30, 32, 41, 42, 49, 51, 52, 53, 54, 55, 56, 57, 58, 59, 60, 61, 62, 65, 67, 68, 69, 70, 71, 73, 74, 75, 76, 77, 78, 80, 81, 82, 83, 84, 86, 96, 122, 123, 124, 125, 126, 127, 128, 131, 132, 134, 135, 138, 143, 144, 146, 147, 150, 152, 156, 157, 159, 160, 163, 164, 168, 169, 170, 171, 172, 173, 174, 175, 177, 192, 201, 202, 204, 205, 206, 207, 208, 209, 210, 211, 212, 213, 214, 215, 216, 217, 218, 219, 220, 221, 222, 223, 225, 226, 227, 230, 231, 232, 233, 234, 235, 236, 237, 238, 239, 240, 241, 242, 243, 244, 247, 248, 249, 250, 251, 252, 253, 254, 255, 256, 257, 258, 259, 260, 261, 264, 265, 266, 267, 268, 269, 270, 271, 272, 273, 274, 275, 276, 277, 278, 280, 287, 296, 297, 299, 300, 301, 302, 303, 304, 305, 306, 307, 308, 309, 310, 311, 312, 313, 314, 315, 316, 317, 319, 320, 321, 323, 324, 325, 327, 328, 330, 332, 334, 335, 336, 337, 338, 340, 341, 342, 343, 344, 345, 348, 349, 350, 351, 352, 353, 354, 356, 357, 358, 359, 360, 361, 364, 365, 366, 367, 368, 369, 370, 371, 372, 373, 374, 375, 376, 377, 378, 381, 382, 383, 384, 385, 386, 387, 388, 389, 390, 391, 392, 393, 394, 395, 398, 399, 400, 401, 402, 403, 404, 405, 406, 407, 408, 409, 410, 411, 412, 414, 421, 430, 431, 433, 434, 435, 436, 437, 438, 439, 440, 441, 442, 443, 444, 445, 447, 449, 451, 454, 458, 463, 464, 465, 466, 467, 468, 469, 470, 471, 472, 473, 474, 475, 476, 479, 480, 481, 482, 483, 484, 485, 486, 487, 488, 490, 492, 493, 495, 497, 500, 501, 502, 503, 504, 505, 506, 507, 508, 509, 511, 513, 514, 516, 518, 521, 522, 523, 524, 525, 526, 528, 529, 530, 532, 534, 536, 538, 540, 542, 544, 551, 604, 605, 606, 607, 611, 612, 616, 629, 632, 635, 638, 640, 645, 646, 647, 649, 651, 652, 658, 659, 660, 662, 663, 664, 665, 666, 667, 672, 673, 674, 675, 677, 679, 682, 683, 684, 685, 686, 687, 688, 689, 690, 692, 695, 700, 701, 702, 703, 705, 706, 709, 710, 711, 713, 714, 715, 716, 717, 718, 720, 721, 722, 723, 724, 726, 727, 728, 730, 731, 732, 733, 735, 737, 738, 739, 740, 742, 743, 746, 748, 760, 768, 769, 770, 771, 772, 773, 776, 786, 787, 789, 790, 791, 792, 793, 795, 796, 798, 799, 800, 801, 803, 804, 806, 807, 808, 809, 811, 812, 813, 814, 815, 816, 819, 820, 821, 822, 823, 824, 825, 826, 827, 828, 829, 830, 831, 832, 833, 836, 837, 838, 839, 840, 841, 842, 843, 844, 845, 846, 847, 848, 849, 850, 853, 854, 855, 856, 857, 858, 859, 860, 861, 862, 863, 864, 865, 866, 867, 870, 871, 872, 873, 874, 875, 876, 877, 878, 879, 880, 881, 882, 883, 884, 886, 889, 899, 900, 902, 903, 904, 905, 906, 908, 909, 910, 911, 913, 914, 916, 917, 918, 920, 921, 922, 923, 924, 925, 927, 928, 929, 931, 932, 933, 934, 935, 937, 938, 939, 940, 941, 943, 944, 945, 946, 948, 949, 950, 953, 954, 955, 956, 957, 958, 959, 960, 961, 962, 963, 964, 965, 966, 967, 970, 971, 972, 973, 974, 975, 976, 977, 978, 979, 980, 981, 982, 983, 984, 987, 988, 989, 990, 991, 992, 993, 994, 995, 996, 997, 998, 999, 1000, 1001, 1004, 1005, 1006, 1007, 1008, 1009, 1010, 1011, 1012, 1013, 1014, 1015, 1016, 1017, 1018, 1020, 1023, 1033, 1034, 1036, 1037, 1038, 1039, 1040, 1041, 1043, 1044, 1046, 1047, 1048, 1049, 1051, 1052, 1054, 1055, 1056, 1057, 1059, 1060, 1061, 1062, 1063, 1064, 1065, 1066, 1067, 1069, 1072, 1073, 1074, 1075, 1076, 1077, 1078, 1079, 1080, 1081, 1082, 1083, 1084, 1085, 1086, 1089, 1090, 1091, 1092, 1093, 1094, 1095, 1096, 1097, 1098, 1100, 1101, 1102, 1104, 1105, 1108, 1109, 1110, 1111, 1112, 1113, 1114, 1115, 1116, 1117, 1119, 1121, 1122, 1124, 1126, 1129, 1130, 1131, 1132, 1133, 1134, 1135, 1136, 1137, 1138, 1139, 1140, 1141, 1142, 1143, 1145, 1148, 1191, 1192, 1193, 1194, 1198, 1200, 1201, 1203, 1205, 1206, 1209, 1210, 1212, 1215, 1216, 1217, 1219, 1222, 1223, 1225, 1226, 1227, 1229, 1230, 1231, 1232, 1233, 1236, 1238], "summary": {"covered_lines": 726, "num_statements": 726, "percent_covered": 100.0, "percent_covered_display": "100", "missing_lines": 0, "excluded_lines": 2, "percent_statements_covered": 100.0, "percent_statements_covered_display": "100", "num_branches": 70, "num_partial_branches": 0, "covered_branches": 70, "missing_branches": 0, "percent_branches_covered": 100.0, "percent_branches_covered_display": "100"}, "missing_lines": [], "excluded_lines": [34, 35], "executed_branches": [[76, 77], [76, 80], [230, 231], [230, 247], [247, 248], [247, 264], [264, 265], [264, 280], [330, 332], [330, 348], [364, 365], [364, 381], [381, 382], [381, 398], [398, 399], [398, 414], [479, 480], [479, 500], [500, 501], [500, 521], [521, 522], [521, 544], [672, 673], [672, 700], [673, 672], [673, 674], [683, 684], [683, 692], [687, 683], [687, 688], [720, 721], [720, 746], [721, 720], [721, 722], [731, 732], [731, 742], [737, 731], [737, 738], [819, 820], [819, 836], [836, 837], [836, 853], [853, 854], [853, 870], [870, 871], [870, 886], [953, 954], [953, 970], [970, 971], [970, 987], [987, 988], [987, 1004], [1004, 1005], [1004, 1020], [1072, 1073], [1072, 1089], [1089, 1090], [1089, 1108], [1108, 1109], [1108, 1129], [1129, 1130], [1129, 1145], [1215, 1216], [1215, 1222], [1216, 1217], [1216, 1219], [1229, 1230], [1229, 1236], [1231, 1232], [1231, 1233]], "missing_branches": [], "functions": {"_dccon0": {"executed_lines": [67, 68, 69, 70, 71, 73, 74, 75, 76, 77, 78, 80, 81, 82, 83, 84, 86], "summary": {"covered_lines": 17, "num_statements": 17, "percent_covered": 100.0, "percent_covered_display": "100", "missing_lines": 0, "excluded_lines": 0, "percent_statements_covered": 100.0, "percent_statements_covered_display": "100", "num_branches": 2, "num_partial_branches": 0, "covered_branches": 2, "missing_branches": 0, "percent_branches_covered": 100.0, "percent_branches_covered_display": "100"}, "missing_lines": [], "excluded_lines": [], "start_line": 65, "executed_branches": [[76, 77], [76, 80]], "missing_branches": []}, "_dccon2": {"executed_lines": [122, 123, 124, 125, 126, 127, 128, 131, 132, 134, 135, 138, 143, 144, 146, 147, 150, 152, 156, 157, 159, 160, 163, 164, 168, 169, 170, 171, 172, 173, 174, 175, 177], "summary": {"covered_lines": 33, "num_statements": 33, "percent_covered": 100.0, "percent_covered_display": "100", "missing_lines": 0, "excluded_lines": 0, "percent_statements_covered": 100.0, "percent_statements_covered_display": "100", "num_branches": 0, "num_partial_branches": 0, "covered_branches": 0, "missing_branches": 0, "percent_branches_covered": 100.0, "percent_branches_covered_display": "100"}, "missing_lines": [], "excluded_lines": [], "start_line": 96, "executed_branches": [], "missing_branches": []}, "_ua": {"executed_lines": [201, 202, 204, 205, 206, 207, 208, 209, 210, 211, 212, 213, 214, 215, 216, 217, 218, 219, 220, 221, 222, 223, 225, 226, 227, 230, 231, 232, 233, 234, 235, 236, 237, 238, 239, 240, 241, 242, 243, 244, 247, 248, 249, 250, 251, 252, 253, 254, 255, 256, 257, 258, 259, 260, 261, 264, 265, 266, 267, 268, 269, 270, 271, 272, 273, 274, 275, 276, 277, 278, 280], "summary": {"covered_lines": 71, "num_statements": 71, "percent_covered": 100.0, "percent_covered_display": "100", "missing_lines": 0, "excluded_lines": 0, "percent_statements_covered": 100.0, "percent_statements_covered_display": "100", "num_branches": 6, "num_partial_branches": 0, "covered_branches": 6, "missing_branches": 0, "percent_branches_covered": 100.0, "percent_branches_covered_display": "100"}, "missing_lines": [], "excluded_lines": [], "start_line": 192, "executed_branches": [[230, 231], [230, 247], [247, 248], [247, 264], [264, 265], [264, 280]], "missing_branches": []}, "_ub": {"executed_lines": [296, 297, 299, 300, 301, 302, 303, 304, 305, 306, 307, 308, 309, 310, 311, 312, 313, 314, 315, 316, 317, 319, 320, 321, 323, 324, 325, 327, 328, 330, 332, 334, 335, 336, 337, 338, 340, 341, 342, 343, 344, 345, 348, 349, 350, 351, 352, 353, 354, 356, 357, 358, 359, 360, 361, 364, 365, 366, 367, 368, 369, 370, 371, 372, 373, 374, 375, 376, 377, 378, 381, 382, 383, 384, 385, 386, 387, 388, 389, 390, 391, 392, 393, 394, 395, 398, 399, 400, 401, 402, 403, 404, 405, 406, 407, 408, 409, 410, 411, 412, 414], "summary": {"covered_lines": 101, "num_statements": 101, "percent_covered": 100.0, "percent_covered_display": "100", "missing_lines": 0, "excluded_lines": 0, "percent_statements_covered": 100.0, "percent_statements_covered_display": "100", "num_branches": 8, "num_partial_branches": 0, "covered_branches": 8, "missing_branches": 0, "percent_branches_covered": 100.0, "percent_branches_covered_display": "100"}, "missing_lines": [], "excluded_lines": [], "start_line": 287, "executed_branches": [[330, 332], [330, 348], [364, 365], [364, 381], [381, 382], [381, 398], [398, 399], [398, 414]], "missing_branches": []}, "_uc": {"executed_lines": [430, 431, 433, 434, 435, 436, 437, 438, 439, 440, 441, 442, 443, 444, 445, 447, 449, 451, 454, 458, 463, 464, 465, 466, 467, 468, 469, 470, 471, 472, 473, 474, 475, 476, 479, 480, 481, 482, 483, 484, 485, 486, 487, 488, 490, 492, 493, 495, 497, 500, 501, 502, 503, 504, 505, 506, 507, 508, 509, 511, 513, 514, 516, 518, 521, 522, 523, 524, 525, 526, 528, 529, 530, 532, 534, 536, 538, 540, 542, 544], "summary": {"covered_lines": 80, "num_statements": 80, "percent_covered": 100.0, "percent_covered_display": "100", "missing_lines": 0, "excluded_lines": 0, "percent_statements_covered": 100.0, "percent_statements_covered_display": "100", "num_branches": 6, "num_partial_branches": 0, "covered_branches": 6, "missing_branches": 0, "percent_branches_covered": 100.0, "percent_branches_covered_display": "100"}, "missing_lines": [], "excluded_lines": [], "start_line": 421, "executed_branches": [[479, 480], [479, 500], [500, 501], [500, 521], [521, 522], [521, 544]], "missing_branches": []}, "dc3d": {"executed_lines": [604, 605, 606, 607, 611, 612], "summary": {"covered_lines": 6, "num_statements": 6, "percent_covered": 100.0, "percent_covered_display": "100", "missing_lines": 0, "excluded_lines": 0, "percent_statements_covered": 100.0, "percent_statements_covered_display": "100", "num_branches": 0, "num_partial_branches": 0, "covered_branches": 0, "missing_branches": 0, "percent_branches_covered": 100.0, "percent_branches_covered_display": "100"}, "missing_lines": [], "excluded_lines": [], "start_line": 551, "executed_branches": [], "missing_branches": []}, "_dc3d_inner": {"executed_lines": [629, 632, 635, 638, 640, 645, 646, 647, 649, 651, 652, 658, 659, 660, 662, 663, 664, 665, 666, 667, 672, 673, 674, 675, 677, 679, 682, 683, 684, 685, 686, 687, 688, 689, 690, 692, 695, 700, 701, 702, 703, 705, 706, 709, 710, 711, 713, 714, 715, 716, 717, 718, 720, 721, 722, 723, 724, 726, 727, 728, 730, 731, 732, 733, 735, 737, 738, 739, 740, 742, 743, 746, 748], "summary": {"covered_lines": 73, "num_statements": 73, "percent_covered": 100.0, "percent_covered_display": "100", "missing_lines": 0, "excluded_lines": 0, "percent_statements_covered": 100.0, "percent_statements_covered_display": "100", "num_branches": 16, "num_partial_branches": 0, "covered_branches": 16, "missing_branches": 0, "percent_branches_covered": 100.0, "percent_branches_covered_display": "100"}, "missing_lines": [], "excluded_lines": [], "start_line": 616, "executed_branches": [[672, 673], [672, 700], [673, 672], [673, 674], [683, 684], [683, 692], [687, 683], [687, 688], [720, 721], [720, 746], [721, 720], [721, 722], [731, 732], [731, 742], [737, 731], [737, 738]], "missing_branches": []}, "_dccon1": {"executed_lines": [768, 769, 770, 771, 772, 773], "summary": {"covered_lines": 6, "num_statements": 6, "percent_covered": 100.0, "percent_covered_display": "100", "missing_lines": 0, "excluded_lines": 0, "percent_statements_covered": 100.0, "percent_statements_covered_display": "100", "num_branches": 0, "num_partial_branches": 0, "covered_branches": 0, "missing_branches": 0, "percent_branches_covered": 100.0, "percent_branches_covered_display": "100"}, "missing_lines": [], "excluded_lines": [], "start_line": 760, "executed_branches": [], "missing_branches": []}, "_ua0": {"executed_lines": [786, 787, 789, 790, 791, 792, 793, 795, 796, 798, 799, 800, 801, 803, 804, 806, 807, 808, 809, 811, 812, 813, 814, 815, 816, 819, 820, 821, 822, 823, 824, 825, 826, 827, 828, 829, 830, 831, 832, 833, 836, 837, 838, 839, 840, 841, 842, 843, 844, 845, 846, 847, 848, 849, 850, 853, 854, 855, 856, 857, 858, 859, 860, 861, 862, 863, 864, 865, 866, 867, 870, 871, 872, 873, 874, 875, 876, 877, 878, 879, 880, 881, 882, 883, 884, 886], "summary": {"covered_lines": 86, "num_statements": 86, "percent_covered": 100.0, "percent_covered_display": "100", "missing_lines": 0, "excluded_lines": 0, "percent_statements_covered": 100.0, "percent_statements_covered_display": "100", "num_branches": 8, "num_partial_branches": 0, "covered_branches": 8, "missing_branches": 0, "percent_branches_covered": 100.0, "percent_branches_covered_display": "100"}, "missing_lines": [], "excluded_lines": [], "start_line": 776, "executed_branches": [[819, 820], [819, 836], [836, 837], [836, 853], [853, 854], [853, 870], [870, 871], [870, 886]], "missing_branches": []}, "_ub0": {"executed_lines": [899, 900, 902, 903, 904, 905, 906, 908, 909, 910, 911, 913, 914, 916, 917, 918, 920, 921, 922, 923, 924, 925, 927, 928, 929, 931, 932, 933, 934, 935, 937, 938, 939, 940, 941, 943, 944, 945, 946, 948, 949, 950, 953, 954, 955, 956, 957, 958, 959, 960, 961, 962, 963, 964, 965, 966, 967, 970, 971, 972, 973, 974, 975, 976, 977, 978, 979, 980, 981, 982, 983, 984, 987, 988, 989, 990, 991, 992, 993, 994, 995, 996, 997, 998, 999, 1000, 1001, 1004, 1005, 1006, 1007, 1008, 1009, 1010, 1011, 1012, 1013, 1014, 1015, 1016, 1017, 1018, 1020], "summary": {"covered_lines": 103, "num_statements": 103, "percent_covered": 100.0, "percent_covered_display": "100", "missing_lines": 0, "excluded_lines": 0, "percent_statements_covered": 100.0, "percent_statements_covered_display": "100", "num_branches": 8, "num_partial_branches": 0, "covered_branches": 8, "missing_branches": 0, "percent_branches_covered": 100.0, "percent_branches_covered_display": "100"}, "missing_lines": [], "excluded_lines": [], "start_line": 889, "executed_branches": [[953, 954], [953, 970], [970, 971], [970, 987], [987, 988], [987, 1004], [1004, 1005], [1004, 1020]], "missing_branches": []}, "_uc0": {"executed_lines": [1033, 1034, 1036, 1037, 1038, 1039, 1040, 1041, 1043, 1044, 1046, 1047, 1048, 1049, 1051, 1052, 1054, 1055, 1056, 1057, 1059, 1060, 1061, 1062, 1063, 1064, 1065, 1066, 1067, 1069, 1072, 1073, 1074, 1075, 1076, 1077, 1078, 1079, 1080, 1081, 1082, 1083, 1084, 1085, 1086, 1089, 1090, 1091, 1092, 1093, 1094, 1095, 1096, 1097, 1098, 1100, 1101, 1102, 1104, 1105, 1108, 1109, 1110, 1111, 1112, 1113, 1114, 1115, 1116, 1117, 1119, 1121, 1122, 1124, 1126, 1129, 1130, 1131, 1132, 1133, 1134, 1135, 1136, 1137, 1138, 1139, 1140, 1141, 1142, 1143, 1145], "summary": {"covered_lines": 91, "num_statements": 91, "percent_covered": 100.0, "percent_covered_display": "100", "missing_lines": 0, "excluded_lines": 0, "percent_statements_covered": 100.0, "percent_statements_covered_display": "100", "num_branches": 8, "num_partial_branches": 0, "covered_branches": 8, "missing_branches": 0, "percent_branches_covered": 100.0, "percent_branches_covered_display": "100"}, "missing_lines": [], "excluded_lines": [], "start_line": 1023, "executed_branches": [[1072, 1073], [1072, 1089], [1089, 1090], [1089, 1108], [1108, 1109], [1108, 1129], [1129, 1130], [1129, 1145]], "missing_branches": []}, "dc3d0": {"executed_lines": [1191, 1192, 1193, 1194, 1198, 1200, 1201, 1203, 1205, 1206, 1209, 1210, 1212, 1215, 1216, 1217, 1219, 1222, 1223, 1225, 1226, 1227, 1229, 1230, 1231, 1232, 1233, 1236, 1238], "summary": {"covered_lines": 29, "num_statements": 29, "percent_covered": 100.0, "percent_covered_display": "100", "missing_lines": 0, "excluded_lines": 0, "percent_statements_covered": 100.0, "percent_statements_covered_display": "100", "num_branches": 8, "num_partial_branches": 0, "covered_branches": 8, "missing_branches": 0, "percent_branches_covered": 100.0, "percent_branches_covered_display": "100"}, "missing_lines": [], "excluded_lines": [], "start_line": 1148, "executed_branches": [[1215, 1216], [1215, 1222], [1216, 1217], [1216, 1219], [1229, 1230], [1229, 1236], [1231, 1232], [1231, 1233]], "missing_branches": []}, "": {"executed_lines": [28, 30, 32, 41, 42, 49, 51, 52, 53, 54, 55, 56, 57, 58, 59, 60, 61, 62, 65, 96, 192, 287, 421, 551, 616, 760, 776, 889, 1023, 1148], "summary": {"covered_lines": 30, "num_statements": 30, "percent_covered": 100.0, "percent_covered_display": "100", "missing_lines": 0, "excluded_lines": 2, "percent_statements_covered": 100.0, "percent_statements_covered_display": "100", "num_branches": 0, "num_partial_branches": 0, "covered_branches": 0, "missing_branches": 0, "percent_branches_covered": 100.0, "percent_branches_covered_display": "100"}, "missing_lines": [], "excluded_lines": [34, 35], "start_line": 1, "executed_branches": [], "missing_branches": []}}, "classes": {"_OkadaConstants": {"executed_lines": [], "summary": {"covered_lines": 0, "num_statements": 0, "percent_covered": 100.0, "percent_covered_display": "100", "missing_lines": 0, "excluded_lines": 0, "percent_statements_covered": 100.0, "percent_statements_covered_display": "100", "num_branches": 0, "num_partial_branches": 0, "covered_branches": 0, "missing_branches": 0, "percent_branches_covered": 100.0, "percent_branches_covered_display": "100"}, "missing_lines": [], "excluded_lines": [], "start_line": 49, "executed_branches": [], "missing_branches": []}, "": {"executed_lines": [28, 30, 32, 41, 42, 49, 51, 52, 53, 54, 55, 56, 57, 58, 59, 60, 61, 62, 65, 67, 68, 69, 70, 71, 73, 74, 75, 76, 77, 78, 80, 81, 82, 83, 84, 86, 96, 122, 123, 124, 125, 126, 127, 128, 131, 132, 134, 135, 138, 143, 144, 146, 147, 150, 152, 156, 157, 159, 160, 163, 164, 168, 169, 170, 171, 172, 173, 174, 175, 177, 192, 201, 202, 204, 205, 206, 207, 208, 209, 210, 211, 212, 213, 214, 215, 216, 217, 218, 219, 220, 221, 222, 223, 225, 226, 227, 230, 231, 232, 233, 234, 235, 236, 237, 238, 239, 240, 241, 242, 243, 244, 247, 248, 249, 250, 251, 252, 253, 254, 255, 256, 257, 258, 259, 260, 261, 264, 265, 266, 267, 268, 269, 270, 271, 272, 273, 274, 275, 276, 277, 278, 280, 287, 296, 297, 299, 300, 301, 302, 303, 304, 305, 306, 307, 308, 309, 310, 311, 312, 313, 314, 315, 316, 317, 319, 320, 321, 323, 324, 325, 327, 328, 330, 332, 334, 335, 336, 337, 338, 340, 341, 342, 343, 344, 345, 348, 349, 350, 351, 352, 353, 354, 356, 357, 358, 359, 360, 361, 364, 365, 366, 367, 368, 369, 370, 371, 372, 373, 374, 375, 376, 377, 378, 381, 382, 383, 384, 385, 386, 387, 388, 389, 390, 391, 392, 393, 394, 395, 398, 399, 400, 401, 402, 403, 404, 405, 406, 407, 408, 409, 410, 411, 412, 414, 421, 430, 431, 433, 434, 435, 436, 437, 438, 439, 440, 441, 442, 443, 444, 445, 447, 449, 451, 454, 458, 463, 464, 465, 466, 467, 468, 469, 470, 471, 472, 473, 474, 475, 476, 479, 480, 481, 482, 483, 484, 485, 486, 487, 488, 490, 492, 493, 495, 497, 500, 501, 502, 503, 504, 505, 506, 507, 508, 509, 511, 513, 514, 516, 518, 521, 522, 523, 524, 525, 526, 528, 529, 530, 532, 534, 536, 538, 540, 542, 544, 551, 604, 605, 606, 607, 611, 612, 616, 629, 632, 635, 638, 640, 645, 646, 647, 649, 651, 652, 658, 659, 660, 662, 663, 664, 665, 666, 667, 672, 673, 674, 675, 677, 679, 682, 683, 684, 685, 686, 687, 688, 689, 690, 692, 695, 700, 701, 702, 703, 705, 706, 709, 710, 711, 713, 714, 715, 716, 717, 718, 720, 721, 722, 723, 724, 726, 727, 728, 730, 731, 732, 733, 735, 737, 738, 739, 740, 742, 743, 746, 748, 760, 768, 769, 770, 771, 772, 773, 776, 786, 787, 789, 790, 791, 792, 793, 795, 796, 798, 799, 800, 801, 803, 804, 806, 807, 808, 809, 811, 812, 813, 814, 815, 816, 819, 820, 821, 822, 823, 824, 825, 826, 827, 828, 829, 830, 831, 832, 833, 836, 837, 838, 839, 840, 841, 842, 843, 844, 845, 846, 847, 848, 849, 850, 853, 854, 855, 856, 857, 858, 859, 860, 861, 862, 863, 864, 865, 866, 867, 870, 871, 872, 873, 874, 875, 876, 877, 878, 879, 880, 881, 882, 883, 884, 886, 889, 899, 900, 902, 903, 904, 905, 906, 908, 909, 910, 911, 913, 914, 916, 917, 918, 920, 921, 922, 923, 924, 925, 927, 928, 929, 931, 932, 933, 934, 935, 937, 938, 939, 940, 941, 943, 944, 945, 946, 948, 949, 950, 953, 954, 955, 956, 957, 958, 959, 960, 961, 962, 963, 964, 965, 966, 967, 970, 971, 972, 973, 974, 975, 976, 977, 978, 979, 980, 981, 982, 983, 984, 987, 988, 989, 990, 991, 992, 993, 994, 995, 996, 997, 998, 999, 1000, 1001, 1004, 1005, 1006, 1007, 1008, 1009, 1010, 1011, 1012, 1013, 1014, 1015, 1016, 1017, 1018, 1020, 1023, 1033, 1034, 1036, 1037, 1038, 1039, 1040, 1041, 1043, 1044, 1046, 1047, 1048, 1049, 1051, 1052, 1054, 1055, 1056, 1057, 1059, 1060, 1061, 1062, 1063, 1064, 1065, 1066, 1067, 1069, 1072, 1073, 1074, 1075, 1076, 1077, 1078, 1079, 1080, 1081, 1082, 1083, 1084, 1085, 1086, 1089, 1090, 1091, 1092, 1093, 1094, 1095, 1096, 1097, 1098, 1100, 1101, 1102, 1104, 1105, 1108, 1109, 1110, 1111, 1112, 1113, 1114, 1115, 1116, 1117, 1119, 1121, 1122, 1124, 1126, 1129, 1130, 1131, 1132, 1133, 1134, 1135, 1136, 1137, 1138, 1139, 1140, 1141, 1142, 1143, 1145, 1148, 1191, 1192, 1193, 1194, 1198, 1200, 1201, 1203, 1205, 1206, 1209, 1210, 1212, 1215, 1216, 1217, 1219, 1222, 1223, 1225, 1226, 1227, 1229, 1230, 1231, 1232, 1233, 1236, 1238], "summary": {"covered_lines": 726, "num_statements": 726, "percent_covered": 100.0, "percent_covered_display": "100", "missing_lines": 0, "excluded_lines": 2, "percent_statements_covered": 100.0, "percent_statements_covered_display": "100", "num_branches": 70, "num_partial_branches": 0, "covered_branches": 70, "missing_branches": 0, "percent_branches_covered": 100.0, "percent_branches_covered_display": "100"}, "missing_lines": [], "excluded_lines": [34, 35], "start_line": 1, "executed_branches": [[76, 77], [76, 80], [230, 231], [230, 247], [247, 248], [247, 264], [264, 265], [264, 280], [330, 332], [330, 348], [364, 365], [364, 381], [381, 382], [381, 398], [398, 399], [398, 414], [479, 480], [479, 500], [500, 501], [500, 521], [521, 522], [521, 544], [672, 673], [672, 700], [673, 672], [673, 674], [683, 684], [683, 692], [687, 683], [687, 688], [720, 721], [720, 746], [721, 720], [721, 722], [731, 732], [731, 742], [737, 731], [737, 738], [819, 820], [819, 836], [836, 837], [836, 853], [853, 854], [853, 870], [870, 871], [870, 886], [953, 954], [953, 970], [970, 971], [970, 987], [987, 988], [987, 1004], [1004, 1005], [1004, 1020], [1072, 1073], [1072, 1089], [1089, 1090], [1089, 1108], [1108, 1109], [1108, 1129], [1129, 1130], [1129, 1145], [1215, 1216], [1215, 1222], [1216, 1217], [1216, 1219], [1229, 1230], [1229, 1236], [1231, 1232], [1231, 1233]], "missing_branches": []}}}, "src/opencoulomb/core/oops.py": {"executed_lines": [20, 22, 23, 25, 33, 63, 64, 65, 66, 67, 68, 69, 71, 73, 76, 77, 78, 79, 82, 83, 84, 87, 88, 89, 90, 91, 92, 94, 97, 117, 118, 119, 120, 121, 122, 123, 124, 125, 126, 127, 128, 131, 148, 149, 150, 153, 191, 194, 197, 203, 204, 207, 211, 212, 214, 215, 218, 219, 222, 223, 226, 227, 228, 231, 232, 233, 237, 238, 242, 243, 244, 246, 249, 271, 274, 277, 280, 283, 285, 288, 306, 309, 310, 313, 314, 316, 319, 320, 321, 328, 329, 332, 333, 334, 336, 337, 338, 339, 342, 346, 347, 348, 349, 352, 353, 357, 362], "summary": {"covered_lines": 107, "num_statements": 107, "percent_covered": 100.0, "percent_covered_display": "100", "missing_lines": 0, "excluded_lines": 3, "percent_statements_covered": 100.0, "percent_statements_covered_display": "100", "num_branches": 12, "num_partial_branches": 0, "covered_branches": 12, "missing_branches": 0, "percent_branches_covered": 100.0, "percent_branches_covered_display": "100"}, "missing_lines": [], "excluded_lines": [27, 28, 30], "executed_branches": [[71, 73], [71, 94], [148, 149], [148, 150], [237, 238], [237, 246], [309, 310], [309, 313], [316, 319], [316, 328], [337, 338], [337, 342]], "missing_branches": [], "functions": {"compute_regional_stress_tensor": {"executed_lines": [63, 64, 65, 66, 67, 68, 69, 71, 73, 76, 77, 78, 79, 82, 83, 84, 87, 88, 89, 90, 91, 92, 94], "summary": {"covered_lines": 23, "num_statements": 23, "percent_covered": 100.0, "percent_covered_display": "100", "missing_lines": 0, "excluded_lines": 0, "percent_statements_covered": 100.0, "percent_statements_covered_display": "100", "num_branches": 2, "num_partial_branches": 0, "covered_branches": 2, "missing_branches": 0, "percent_branches_covered": 100.0, "percent_branches_covered_display": "100"}, "missing_lines": [], "excluded_lines": [], "start_line": 33, "executed_branches": [[71, 73], [71, 94]], "missing_branches": []}, "_build_stress_matrices": {"executed_lines": [117, 118, 119, 120, 121, 122, 123, 124, 125, 126, 127, 128], "summary": {"covered_lines": 12, "num_statements": 12, "percent_covered": 100.0, "percent_covered_display": "100", "missing_lines": 0, "excluded_lines": 0, "percent_statements_covered": 100.0, "percent_statements_covered_display": "100", "num_branches": 0, "num_partial_branches": 0, "covered_branches": 0, "missing_branches": 0, "percent_branches_covered": 100.0, "percent_branches_covered_display": "100"}, "missing_lines": [], "excluded_lines": [], "start_line": 97, "executed_branches": [], "missing_branches": []}, "mohr_coulomb_angle": {"executed_lines": [148, 149, 150], "summary": {"covered_lines": 3, "num_statements": 3, "percent_covered": 100.0, "percent_covered_display": "100", "missing_lines": 0, "excluded_lines": 0, "percent_statements_covered": 100.0, "percent_statements_covered_display": "100", "num_branches": 2, "num_partial_branches": 0, "covered_branches": 2, "missing_branches": 0, "percent_branches_covered": 100.0, "percent_branches_covered_display": "100"}, "missing_lines": [], "excluded_lines": [], "start_line": 131, "executed_branches": [[148, 149], [148, 150]], "missing_branches": []}, "find_optimal_planes": {"executed_lines": [191, 194, 197, 203, 204, 207, 211, 212, 214, 215, 218, 219, 222, 223, 226, 227, 228, 231, 232, 233, 237, 238, 242, 243, 244, 246], "summary": {"covered_lines": 26, "num_statements": 26, "percent_covered": 100.0, "percent_covered_display": "100", "missing_lines": 0, "excluded_lines": 0, "percent_statements_covered": 100.0, "percent_statements_covered_display": "100", "num_branches": 2, "num_partial_branches": 0, "covered_branches": 2, "missing_branches": 0, "percent_branches_covered": 100.0, "percent_branches_covered_display": "100"}, "missing_lines": [], "excluded_lines": [], "start_line": 153, "executed_branches": [[237, 238], [237, 246]], "missing_branches": []}, "_compute_cfs_on_normals": {"executed_lines": [271, 274, 277, 280, 283, 285], "summary": {"covered_lines": 6, "num_statements": 6, "percent_covered": 100.0, "percent_covered_display": "100", "missing_lines": 0, "excluded_lines": 0, "percent_statements_covered": 100.0, "percent_statements_covered_display": "100", "num_branches": 0, "num_partial_branches": 0, "covered_branches": 0, "missing_branches": 0, "percent_branches_covered": 100.0, "percent_branches_covered_display": "100"}, "missing_lines": [], "excluded_lines": [], "start_line": 249, "executed_branches": [], "missing_branches": []}, "_normal_to_strike_dip_rake": {"executed_lines": [306, 309, 310, 313, 314, 316, 319, 320, 321, 328, 329, 332, 333, 334, 336, 337, 338, 339, 342, 346, 347, 348, 349, 352, 353, 357, 362], "summary": {"covered_lines": 27, "num_statements": 27, "percent_covered": 100.0, "percent_covered_display": "100", "missing_lines": 0, "excluded_lines": 0, "percent_statements_covered": 100.0, "percent_statements_covered_display": "100", "num_branches": 6, "num_partial_branches": 0, "covered_branches": 6, "missing_branches": 0, "percent_branches_covered": 100.0, "percent_branches_covered_display": "100"}, "missing_lines": [], "excluded_lines": [], "start_line": 288, "executed_branches": [[309, 310], [309, 313], [316, 319], [316, 328], [337, 338], [337, 342]], "missing_branches": []}, "": {"executed_lines": [20, 22, 23, 25, 33, 97, 131, 153, 249, 288], "summary": {"covered_lines": 10, "num_statements": 10, "percent_covered": 100.0, "percent_covered_display": "100", "missing_lines": 0, "excluded_lines": 3, "percent_statements_covered": 100.0, "percent_statements_covered_display": "100", "num_branches": 0, "num_partial_branches": 0, "covered_branches": 0, "missing_branches": 0, "percent_branches_covered": 100.0, "percent_branches_covered_display": "100"}, "missing_lines": [], "excluded_lines": [27, 28, 30], "start_line": 1, "executed_branches": [], "missing_branches": []}}, "classes": {"": {"executed_lines": [20, 22, 23, 25, 33, 63, 64, 65, 66, 67, 68, 69, 71, 73, 76, 77, 78, 79, 82, 83, 84, 87, 88, 89, 90, 91, 92, 94, 97, 117, 118, 119, 120, 121, 122, 123, 124, 125, 126, 127, 128, 131, 148, 149, 150, 153, 191, 194, 197, 203, 204, 207, 211, 212, 214, 215, 218, 219, 222, 223, 226, 227, 228, 231, 232, 233, 237, 238, 242, 243, 244, 246, 249, 271, 274, 277, 280, 283, 285, 288, 306, 309, 310, 313, 314, 316, 319, 320, 321, 328, 329, 332, 333, 334, 336, 337, 338, 339, 342, 346, 347, 348, 349, 352, 353, 357, 362], "summary": {"covered_lines": 107, "num_statements": 107, "percent_covered": 100.0, "percent_covered_display": "100", "missing_lines": 0, "excluded_lines": 3, "percent_statements_covered": 100.0, "percent_statements_covered_display": "100", "num_branches": 12, "num_partial_branches": 0, "covered_branches": 12, "missing_branches": 0, "percent_branches_covered": 100.0, "percent_branches_covered_display": "100"}, "missing_lines": [], "excluded_lines": [27, 28, 30], "start_line": 1, "executed_branches": [[71, 73], [71, 94], [148, 149], [148, 150], [237, 238], [237, 246], [309, 310], [309, 313], [316, 319], [316, 328], [337, 338], [337, 342]], "missing_branches": []}}}, "src/opencoulomb/core/pipeline.py": {"executed_lines": [17, 19, 20, 22, 27, 28, 29, 30, 31, 32, 33, 48, 86, 87, 92, 93, 98, 99, 100, 101, 104, 105, 106, 107, 108, 111, 112, 113, 114, 115, 116, 117, 118, 119, 121, 124, 125, 126, 127, 128, 136, 145, 154, 155, 156, 157, 158, 159, 163, 164, 168, 169, 170, 172, 173, 174, 178, 179, 183, 184, 185, 187, 195, 196, 197, 199, 200, 203, 205, 210, 211, 212, 213, 214, 215, 217, 223, 224, 225, 227, 243, 256, 257, 258, 260, 261, 262, 265, 266, 267, 269, 270, 271, 272, 275, 276, 277, 278, 279, 280, 281, 282, 283, 286, 287, 296, 297, 298, 300, 301, 305, 311, 312, 313, 315, 323, 345, 351, 359, 360, 361, 364, 365, 368, 369, 372, 373, 379, 381, 382, 383, 389, 397, 398, 399, 400, 403, 408, 414, 420, 421, 422, 423, 424, 425, 426, 427, 428, 431, 443, 444, 445, 447, 448, 449, 450, 451, 452, 454, 457, 467, 468, 470, 471, 472, 473, 477, 509, 511, 512, 517, 518, 519, 524, 525, 526, 529, 530, 531, 533, 541, 542, 545, 546, 549, 550, 553, 554, 557, 558, 559, 560, 563, 564, 565, 568, 569, 570, 571, 572, 573, 574, 575, 5
[...]
170, 171, 172, 173, 175], "summary": {"covered_lines": 29, "num_statements": 70, "percent_covered": 39.743589743589745, "percent_covered_display": "40", "missing_lines": 41, "excluded_lines": 6, "percent_statements_covered": 41.42857142857143, "percent_statements_covered_display": "41", "num_branches": 8, "num_partial_branches": 0, "covered_branches": 2, "missing_branches": 6, "percent_branches_covered": 25.0, "percent_branches_covered_display": "25"}, "missing_lines": [58, 60, 61, 63, 65, 66, 67, 69, 71, 72, 73, 76, 77, 78, 79, 80, 83, 84, 85, 86, 88, 90, 93, 96, 97, 98, 99, 102, 103, 104, 107, 108, 109, 110, 111, 112, 113, 114, 116, 117, 119], "excluded_lines": [10, 11, 12, 14, 15, 16], "start_line": 1, "executed_branches": [[156, 157], [156, 166]], "missing_branches": [[60, 61], [60, 63], [88, 90], [88, 107], [96, 97], [96, 102]]}}}, "src/opencoulomb/viz/maps.py": {"executed_lines": [3, 5, 7, 17, 36, 37, 39, 40, 42, 43, 47, 48, 49, 51, 52, 54, 55, 56, 58, 59, 61, 63, 64, 65, 66], "summary": {"covered_lines": 25, "num_statements": 27, "percent_covered": 90.9090909090909, "percent_covered_display": "91", "missing_lines": 2, "excluded_lines": 5, "percent_statements_covered": 92.5925925925926, "percent_statements_covered_display": "93", "num_branches": 6, "num_partial_branches": 1, "covered_branches": 5, "missing_branches": 1, "percent_branches_covered": 83.33333333333333, "percent_branches_covered_display": "83"}, "missing_lines": [44, 45], "excluded_lines": [9, 10, 11, 13, 14], "executed_branches": [[39, 40], [39, 42], [43, 47], [58, 59], [58, 63]], "missing_branches": [[43, 44]], "functions": {"plot_cfs_map": {"executed_lines": [36, 37, 39, 40, 42, 43, 47, 48, 49, 51, 52, 54, 55, 56, 58, 59, 61, 63, 64, 65, 66], "summary": {"covered_lines": 21, "num_statements": 23, "percent_covered": 89.65517241379311, "percent_covered_display": "90", "missing_lines": 2, "excluded_lines": 0, "percent_statements_covered": 91.30434782608695, "percent_statements_covered_display": "91", "num_branches": 6, "num_partial_branches": 1, "covered_branches": 5, "missing_branches": 1, "percent_branches_covered": 83.33333333333333, "percent_branches_covered_display": "83"}, "missing_lines": [44, 45], "excluded_lines": [], "start_line": 17, "executed_branches": [[39, 40], [39, 42], [43, 47], [58, 59], [58, 63]], "missing_branches": [[43, 44]]}, "": {"executed_lines": [3, 5, 7, 17], "summary": {"covered_lines": 4, "num_statements": 4, "percent_covered": 100.0, "percent_covered_display": "100", "missing_lines": 0, "excluded_lines": 5, "percent_statements_covered": 100.0, "percent_statements_covered_display": "100", "num_branches": 0, "num_partial_branches": 0, "covered_branches": 0, "missing_branches": 0, "percent_branches_covered": 100.0, "percent_branches_covered_display": "100"}, "missing_lines": [], "excluded_lines": [9, 10, 11, 13, 14], "start_line": 1, "executed_branches": [], "missing_branches": []}}, "classes": {"": {"executed_lines": [3, 5, 7, 17, 36, 37, 39, 40, 42, 43, 47, 48, 49, 51, 52, 54, 55, 56, 58, 59, 61, 63, 64, 65, 66], "summary": {"covered_lines": 25, "num_statements": 27, "percent_covered": 90.9090909090909, "percent_covered_display": "91", "missing_lines": 2, "excluded_lines": 5, "percent_statements_covered": 92.5925925925926, "percent_statements_covered_display": "93", "num_branches": 6, "num_partial_branches": 1, "covered_branches": 5, "missing_branches": 1, "percent_branches_covered": 83.33333333333333, "percent_branches_covered_display": "83"}, "missing_lines": [44, 45], "excluded_lines": [9, 10, 11, 13, 14], "start_line": 1, "executed_branches": [[39, 40], [39, 42], [43, 47], [58, 59], [58, 63]], "missing_branches": [[43, 44]]}}}, "src/opencoulomb/viz/sections.py": {"executed_lines": [3, 5, 14, 31, 32, 34, 35, 42, 43, 47, 49, 50, 58, 60, 61, 62, 63, 65, 66, 70, 71], "summary": {"covered_lines": 21, "num_statements": 26, "percent_covered": 71.875, "percent_covered_display": "72", "missing_lines": 5, "excluded_lines": 4, "percent_statements_covered": 80.76923076923077, "percent_statements_covered_display": "81", "num_branches": 6, "num_partial_branches": 2, "covered_branches": 2, "missing_branches": 4, "percent_branches_covered": 33.333333333333336, "percent_branches_covered_display": "33"}, "missing_lines": [37, 38, 39, 40, 44], "excluded_lines": [7, 8, 9, 11], "executed_branches": [[34, 35], [43, 47]], "missing_branches": [[34, 37], [38, 39], [38, 42], [43, 44]], "functions": {"plot_cross_section": {"executed_lines": [31, 32, 34, 35, 42, 43, 47, 49, 50, 58, 60, 61, 62, 63, 65, 66, 70, 71], "summary": {"covered_lines": 18, "num_statements": 23, "percent_covered": 68.96551724137932, "percent_covered_display": "69", "missing_lines": 5, "excluded_lines": 0, "percent_statements_covered": 78.26086956521739, "percent_statements_covered_display": "78", "num_branches": 6, "num_partial_branches": 2, "covered_branches": 2, "missing_branches": 4, "percent_branches_covered": 33.333333333333336, "percent_branches_covered_display": "33"}, "missing_lines": [37, 38, 39, 40, 44], "excluded_lines": [], "start_line": 14, "executed_branches": [[34, 35], [43, 47]], "missing_branches": [[34, 37], [38, 39], [38, 42], [43, 44]]}, "": {"executed_lines": [3, 5, 14], "summary": {"covered_lines": 3, "num_statements": 3, "percent_covered": 100.0, "percent_covered_display": "100", "missing_lines": 0, "excluded_lines": 4, "percent_statements_covered": 100.0, "percent_statements_covered_display": "100", "num_branches": 0, "num_partial_branches": 0, "covered_branches": 0, "missing_branches": 0, "percent_branches_covered": 100.0, "percent_branches_covered_display": "100"}, "missing_lines": [], "excluded_lines": [7, 8, 9, 11], "start_line": 1, "executed_branches": [], "missing_branches": []}}, "classes": {"": {"executed_lines": [3, 5, 14, 31, 32, 34, 35, 42, 43, 47, 49, 50, 58, 60, 61, 62, 63, 65, 66, 70, 71], "summary": {"covered_lines": 21, "num_statements": 26, "percent_covered": 71.875, "percent_covered_display": "72", "missing_lines": 5, "excluded_lines": 4, "percent_statements_covered": 80.76923076923077, "percent_statements_covered_display": "81", "num_branches": 6, "num_partial_branches": 2, "covered_branches": 2, "missing_branches": 4, "percent_branches_covered": 33.333333333333336, "percent_branches_covered_display": "33"}, "missing_lines": [37, 38, 39, 40, 44], "excluded_lines": [7, 8, 9, 11], "start_line": 1, "executed_branches": [[34, 35], [43, 47]], "missing_branches": [[34, 37], [38, 39], [38, 42], [43, 44]]}}}, "src/opencoulomb/viz/styles.py": {"executed_lines": [3, 5, 6, 11, 13, 31, 45, 46, 48, 49, 52, 53, 55, 56], "summary": {"covered_lines": 14, "num_statements": 14, "percent_covered": 100.0, "percent_covered_display": "100", "missing_lines": 0, "excluded_lines": 2, "percent_statements_covered": 100.0, "percent_statements_covered_display": "100", "num_branches": 0, "num_partial_branches": 0, "covered_branches": 0, "missing_branches": 0, "percent_branches_covered": 100.0, "percent_branches_covered_display": "100"}, "missing_lines": [], "excluded_lines": [8, 9], "executed_branches": [], "missing_branches": [], "functions": {"publication_style": {"executed_lines": [48, 49], "summary": {"covered_lines": 2, "num_statements": 2, "percent_covered": 100.0, "percent_covered_display": "100", "missing_lines": 0, "excluded_lines": 0, "percent_statements_covered": 100.0, "percent_statements_covered_display": "100", "num_branches": 0, "num_partial_branches": 0, "covered_branches": 0, "missing_branches": 0, "percent_branches_covered": 100.0, "percent_branches_covered_display": "100"}, "missing_lines": [], "excluded_lines": [], "start_line": 46, "executed_branches": [], "missing_branches": []}, "screen_style": {"executed_lines": [55, 56], "summary": {"covered_lines": 2, "num_statements": 2, "percent_covered": 100.0, "percent_covered_display": "100", "missing_lines": 0, "excluded_lines": 0, "percent_statements_covered": 100.0, "percent_statements_covered_display": "100", "num_branches": 0, "num_partial_branches": 0, "covered_branches": 0, "missing_branches": 0, "percent_branches_covered": 100.0, "percent_branches_covered_display": "100"}, "missing_lines": [], "excluded_lines": [], "start_line": 53, "executed_branches": [], "missing_branches": []}, "": {"executed_lines": [3, 5, 6, 11, 13, 31, 45, 46, 52, 53], "summary": {"covered_lines": 10, "num_statements": 10, "percent_covered": 100.0, "percent_covered_display": "100", "missing_lines": 0, "excluded_lines": 2, "percent_statements_covered": 100.0, "percent_statements_covered_display": "100", "num_branches": 0, "num_partial_branches": 0, "covered_branches": 0, "missing_branches": 0, "percent_branches_covered": 100.0, "percent_branches_covered_display": "100"}, "missing_lines": [], "excluded_lines": [8, 9], "start_line": 1, "executed_branches": [], "missing_branches": []}}, "classes": {"": {"executed_lines": [3, 5, 6, 11, 13, 31, 45, 46, 48, 49, 52, 53, 55, 56], "summary": {"covered_lines": 14, "num_statements": 14, "percent_covered": 100.0, "percent_covered_display": "100", "missing_lines": 0, "excluded_lines": 2, "percent_statements_covered": 100.0, "percent_statements_covered_display": "100", "num_branches": 0, "num_partial_branches": 0, "covered_branches": 0, "missing_branches": 0, "percent_branches_covered": 100.0, "percent_branches_covered_display": "100"}, "missing_lines": [], "excluded_lines": [8, 9], "start_line": 1, "executed_branches": [], "missing_branches": []}}}, "src/opencoulomb/viz/volume.py": {"executed_lines": [3, 5, 6, 7, 9, 10, 21, 50, 52, 54, 55, 57, 58, 60, 61, 64, 66, 67, 68, 69, 70, 71, 73, 74, 76, 77, 78, 81, 82, 85, 86, 87, 89, 90, 91, 92, 93, 94, 95, 96, 97, 98, 99, 100, 103, 104, 106, 107, 110, 136, 138, 140, 141, 142, 144, 145, 151, 152, 153, 156, 157, 158, 159, 161, 162, 165, 166, 167, 169, 170, 171, 173, 174, 175, 176, 177, 178, 179, 180, 182, 183, 186, 252, 285, 287, 289, 290, 292, 293, 294, 295, 299, 300, 301, 304, 305, 307, 308, 309, 311, 313, 314, 315, 316, 317, 318, 319, 320, 322, 323, 324, 325, 327, 330, 356, 358, 360, 361, 363, 364, 370, 371, 374, 375, 377, 378, 379, 381, 382, 385, 386, 387, 389, 390, 391, 393, 394, 400, 401, 402, 403, 405], "summary": {"covered_lines": 142, "num_statements": 181, "percent_covered": 75.30364372469636, "percent_covered_display": "75", "missing_lines": 39, "excluded_lines": 6, "percent_statements_covered": 78.45303867403315, "percent_statements_covered_display": "78", "num_branches": 66, "num_partial_branches": 10, "covered_branches": 44, "missing_branches": 22, "percent_branches_covered": 66.66666666666667, "percent_branches_covered_display": "67"}, "missing_lines": [62, 79, 146, 147, 149, 154, 214, 216, 217, 218, 219, 221, 223, 224, 226, 227, 228, 229, 230, 232, 233, 234, 236, 237, 239, 240, 242, 243, 244, 245, 246, 247, 249, 297, 302, 365, 366, 368, 372], "excluded_lines": [12, 13, 14, 16, 17, 18], "executed_branches": [[54, 55], [54, 57], [61, 64], [66, 67], [66, 68], [68, 69], [68, 70], [70, 71], [70, 73], [76, 77], [76, 78], [78, 81], [90, 91], [90, 103], [96, 97], [96, 98], [98, 99], [98, 100], [103, 104], [103, 106], [140, 141], [140, 144], [144, 145], [151, 152], [153, 156], [158, 159], [158, 161], [170, 171], [170, 182], [178, 179], [178, 180], [292, 293], [292, 294], [294, 295], [299, 300], [301, 304], [360, 361], [360, 363], [363, 364], [371, 374], [387, 389], [387, 400], [393, 394], [393, 400]], "missing_branches": [[61, 62], [78, 79], [144, 146], [146, 147], [146, 149], [151, 153], [153, 154], [216, 217], [216, 218], [218, 219], [218, 221], [223, 224], [223, 226], [233, 234], [233, 236], [294, 297], [299, 301], [301, 302], [363, 365], [365, 366], [365, 368], [371, 372]], "functions": {"plot_volume_slices": {"executed_lines": [50, 52, 54, 55, 57, 58, 60, 61, 64, 66, 67, 68, 69, 70, 71, 73, 74, 76, 77, 78, 81, 82, 85, 86, 87, 89, 90, 91, 92, 93, 94, 95, 96, 97, 98, 99, 100, 103, 104, 106, 107], "summary": {"covered_lines": 41, "num_statements": 43, "percent_covered": 93.84615384615384, "percent_covered_display": "94", "missing_lines": 2, "excluded_lines": 0, "percent_statements_covered": 95.34883720930233, "percent_statements_covered_display": "95", "num_branches": 22, "num_partial_branches": 2, "covered_branches": 20, "missing_branches": 2, "percent_branches_covered": 90.9090909090909, "percent_branches_covered_display": "91"}, "missing_lines": [62, 79], "excluded_lines": [], "start_line": 21, "executed_branches": [[54, 55], [54, 57], [61, 64], [66, 67], [66, 68], [68, 69], [68, 70], [70, 71], [70, 73], [76, 77], [76, 78], [78, 81], [90, 91], [90, 103], [96, 97], [96, 98], [98, 99], [98, 100], [103, 104], [103, 106]], "missing_branches": [[61, 62], [78, 79]]}, "plot_volume_cross_sections": {"executed_lines": [136, 138, 140, 141, 142, 144, 145, 151, 152, 153, 156, 157, 158, 159, 161, 162, 165, 166, 167, 169, 170, 171, 173, 174, 175, 176, 177, 178, 179, 180, 182, 183], "summary": {"covered_lines": 32, "num_statements": 36, "percent_covered": 82.6923076923077, "percent_covered_display": "83", "missing_lines": 4, "excluded_lines": 0, "percent_statements_covered": 88.88888888888889, "percent_statements_covered_display": "89", "num_branches": 16, "num_partial_branches": 3, "covered_branches": 11, "missing_branches": 5, "percent_branches_covered": 68.75, "percent_branches_covered_display": "69"}, "missing_lines": [146, 147, 149, 154], "excluded_lines": [], "start_line": 110, "executed_branches": [[140, 141], [140, 144], [144, 145], [151, 152], [153, 156], [158, 159], [158, 161], [170, 171], [170, 182], [178, 179], [178, 180]], "missing_branches": [[144, 146], [146, 147], [146, 149], [151, 153], [153, 154]]}, "plot_volume_3d": {"executed_lines": [], "summary": {"covered_lines": 0, "num_statements": 27, "percent_covered": 0.0, "percent_covered_display": "0", "missing_lines": 27, "excluded_lines": 0, "percent_statements_covered": 0.0, "percent_statements_covered_display": "0", "num_branches": 8, "num_partial_branches": 0, "covered_branches": 0, "missing_branches": 8, "percent_branches_covered": 0.0, "percent_branches_covered_display": "0"}, "missing_lines": [214, 216, 217, 218, 219, 221, 223, 224, 226, 227, 228, 229, 230, 232, 233, 234, 236, 237, 239, 240, 242, 243, 244, 245, 246, 247, 249], "excluded_lines": [], "start_line": 186, "executed_branches": [], "missing_branches": [[216, 217], [216, 218], [218, 219], [218, 221], [223, 224], [223, 226], [233, 234], [233, 236]]}, "export_volume_gif": {"executed_lines": [285, 287, 289, 290, 292, 293, 294, 295, 299, 300, 301, 304, 305, 307, 308, 309, 311, 313, 322, 323, 324, 325, 327], "summary": {"covered_lines": 23, "num_statements": 25, "percent_covered": 84.84848484848484, "percent_covered_display": "85", "missing_lines": 2, "excluded_lines": 0, "percent_statements_covered": 92.0, "percent_statements_covered_display": "92", "num_branches": 8, "num_partial_branches": 3, "covered_branches": 5, "missing_branches": 3, "percent_branches_covered": 62.5, "percent_branches_covered_display": "62"}, "missing_lines": [297, 302], "excluded_lines": [], "start_line": 252, "executed_branches": [[292, 293], [292, 294], [294, 295], [299, 300], [301, 304]], "missing_branches": [[294, 297], [299, 301], [301, 302]]}, "export_volume_gif.update": {"executed_lines": [314, 315, 316, 317, 318, 319, 320], "summary": {"covered_lines": 7, "num_statements": 7, "percent_covered": 100.0, "percent_covered_display": "100", "missing_lines": 0, "excluded_lines": 0, "percent_statements_covered": 100.0, "percent_statements_covered_display": "100", "num_branches": 0, "num_partial_branches": 0, "covered_branches": 0, "missing_branches": 0, "percent_branches_covered": 100.0, "percent_branches_covered_display": "100"}, "missing_lines": [], "excluded_lines": [], "start_line": 313, "executed_branches": [], "missing_branches": []}, "plot_catalog_on_volume": {"executed_lines": [356, 358, 360, 361, 363, 364, 370, 371, 374, 375, 377, 378, 379, 381, 382, 385, 386, 387, 389, 390, 391, 393, 394, 400, 401, 402, 403, 405], "summary": {"covered_lines": 28, "num_statements": 32, "percent_covered": 81.81818181818181, "percent_covered_display": "82", "missing_lines": 4, "excluded_lines": 0, "percent_statements_covered": 87.5, "percent_statements_covered_display": "88", "num_branches": 12, "num_partial_branches": 2, "covered_branches": 8, "missing_branches": 4, "percent_branches_covered": 66.66666666666667, "percent_branches_covered_display": "67"}, "missing_lines": [365, 366, 368, 372], "excluded_lines": [], "start_line": 330, "executed_branches": [[360, 361], [360, 363], [363, 364], [371, 374], [387, 389], [387, 400], [393, 394], [393, 400]], "missing_branches": [[363, 365], [365, 366], [365, 368], [371, 372]]}, "": {"executed_lines": [3, 5, 6, 7, 9, 10, 21, 110, 186, 252, 330], "summary": {"covered_lines": 11, "num_statements": 11, "percent_covered": 100.0, "percent_covered_display": "100", "missing_lines": 0, "excluded_lines": 6, "percent_statements_covered": 100.0, "percent_statements_covered_display": "100", "num_branches": 0, "num_partial_branches": 0, "covered_branches": 0, "missing_branches": 0, "percent_branches_covered": 100.0, "percent_branches_covered_display": "100"}, "missing_lines": [], "excluded_lines": [12, 13, 14, 16, 17, 18], "start_line": 1, "executed_branches": [], "missing_branches": []}}, "classes": {"": {"executed_lines": [3, 5, 6, 7, 9, 10, 21, 50, 52, 54, 55, 57, 58, 60, 61, 64, 66, 67, 68, 69, 70, 71, 73, 74, 76, 77, 78, 81, 82, 85, 86, 87, 89, 90, 91, 92, 93, 94, 95, 96, 97, 98, 99, 100, 103, 104, 106, 107, 110, 136, 138, 140, 141, 142, 144, 145, 151, 152, 153, 156, 157, 158, 159, 161, 162, 165, 166, 167, 169, 170, 171, 173, 174, 175, 176, 177, 178, 179, 180, 182, 183, 186, 252, 285, 287, 289, 290, 292, 293, 294, 295, 299, 300, 301, 304, 305, 307, 308, 309, 311, 313, 314, 315, 316, 317, 318, 319, 320, 322, 323, 324, 325, 327, 330, 356, 358, 360, 361, 363, 364, 370, 371, 374, 375, 377, 378, 379, 381, 382, 385, 386, 387, 389, 390, 391, 393, 394, 400, 401, 402, 403, 405], "summary": {"covered_lines": 142, "num_statements": 181, "percent_covered": 75.30364372469636, "percent_covered_display": "75", "missing_lines": 39, "excluded_lines": 6, "percent_statements_covered": 78.45303867403315, "percent_statements_covered_display": "78", "num_branches": 66, "num_partial_branches": 10, "covered_branches": 44, "missing_branches": 22, "percent_branches_covered": 66.66666666666667, "percent_branches_covered_display": "67"}, "missing_lines": [62, 79, 146, 147, 149, 154, 214, 216, 217, 218, 219, 221, 223, 224, 226, 227, 228, 229, 230, 232, 233, 234, 236, 237, 239, 240, 242, 243, 244, 245, 246, 247, 249, 297, 302, 365, 366, 368, 372], "excluded_lines": [12, 13, 14, 16, 17, 18], "start_line": 1, "executed_branches": [[54, 55], [54, 57], [61, 64], [66, 67], [66, 68], [68, 69], [68, 70], [70, 71], [70, 73], [76, 77], [76, 78], [78, 81], [90, 91], [90, 103], [96, 97], [96, 98], [98, 99], [98, 100], [103, 104], [103, 106], [140, 141], [140, 144], [144, 145], [151, 152], [153, 156], [158, 159], [158, 161], [170, 171], [170, 182], [178, 179], [178, 180], [292, 293], [292, 294], [294, 295], [299, 300], [301, 304], [360, 361], [360, 363], [363, 364], [371, 374], [387, 389], [387, 400], [393, 394], [393, 400]], "missing_branches": [[61, 62], [78, 79], [144, 146], [146, 147], [146, 149], [151, 153], [153, 154], [216, 217], [216, 218], [218, 219], [218, 221], [223, 224], [223, 226], [233, 234], [233, 236], [294, 297], [299, 301], [301, 302], [363, 365], [365, 366], [365, 368], [371, 372]]}}}}, "totals": {"covered_lines": 3152, "num_statements": 3534, "percent_covered": 87.02471482889734, "percent_covered_display": "87", "missing_lines": 382, "excluded_lines": 105, "percent_statements_covered": 89.19071873231466, "percent_statements_covered_display": "89", "num_branches": 674, "num_partial_branches": 72, "covered_branches": 510, "missing_branches": 164, "percent_branches_covered": 75.66765578635015, "percent_branches_covered_display": "76"}}